{"C:\\Users\\henry\\Desktop\\bootcamp\\collab\\skylab-bootcamp-201809\\staff\\henry-novoa\\handyman-project\\handyman-api\\logic\\index.spec.js":{"path":"C:\\Users\\henry\\Desktop\\bootcamp\\collab\\skylab-bootcamp-201809\\staff\\henry-novoa\\handyman-project\\handyman-api\\logic\\index.spec.js","statementMap":{"0":{"start":{"line":1,"column":53},"end":{"line":1,"column":77}},"1":{"start":{"line":2,"column":14},"end":{"line":2,"column":26}},"2":{"start":{"line":3,"column":69},"end":{"line":3,"column":89}},"3":{"start":{"line":4,"column":14},"end":{"line":4,"column":37}},"4":{"start":{"line":6,"column":19},"end":{"line":6,"column":40}},"5":{"start":{"line":7,"column":19},"end":{"line":7,"column":34}},"6":{"start":{"line":9,"column":18},"end":{"line":9,"column":59}},"7":{"start":{"line":11,"column":80},"end":{"line":11,"column":87}},"8":{"start":{"line":14,"column":0},"end":{"line":18,"column":2}},"9":{"start":{"line":25,"column":0},"end":{"line":2065,"column":2}},"10":{"start":{"line":26,"column":4},"end":{"line":26,"column":94}},"11":{"start":{"line":26,"column":17},"end":{"line":26,"column":93}},"12":{"start":{"line":28,"column":4},"end":{"line":28,"column":39}},"13":{"start":{"line":28,"column":21},"end":{"line":28,"column":38}},"14":{"start":{"line":29,"column":4},"end":{"line":29,"column":38}},"15":{"start":{"line":29,"column":21},"end":{"line":29,"column":37}},"16":{"start":{"line":32,"column":4},"end":{"line":402,"column":6}},"17":{"start":{"line":33,"column":8},"end":{"line":118,"column":10}},"18":{"start":{"line":36,"column":12},"end":{"line":41,"column":14}},"19":{"start":{"line":37,"column":16},"end":{"line":37,"column":46}},"20":{"start":{"line":38,"column":16},"end":{"line":38,"column":52}},"21":{"start":{"line":39,"column":16},"end":{"line":39,"column":54}},"22":{"start":{"line":40,"column":16},"end":{"line":40,"column":54}},"23":{"start":{"line":43,"column":12},"end":{"line":59,"column":14}},"24":{"start":{"line":44,"column":28},"end":{"line":44,"column":87}},"25":{"start":{"line":46,"column":16},"end":{"line":46,"column":43}},"26":{"start":{"line":48,"column":30},"end":{"line":48,"column":47}},"27":{"start":{"line":50,"column":16},"end":{"line":50,"column":48}},"28":{"start":{"line":52,"column":31},"end":{"line":52,"column":36}},"29":{"start":{"line":54,"column":16},"end":{"line":54,"column":49}},"30":{"start":{"line":55,"column":16},"end":{"line":55,"column":48}},"31":{"start":{"line":56,"column":16},"end":{"line":56,"column":54}},"32":{"start":{"line":57,"column":16},"end":{"line":57,"column":56}},"33":{"start":{"line":58,"column":16},"end":{"line":58,"column":56}},"34":{"start":{"line":63,"column":12},"end":{"line":65,"column":14}},"35":{"start":{"line":64,"column":16},"end":{"line":64,"column":137}},"36":{"start":{"line":64,"column":29},"end":{"line":64,"column":87}},"37":{"start":{"line":67,"column":12},"end":{"line":69,"column":14}},"38":{"start":{"line":68,"column":16},"end":{"line":68,"column":128}},"39":{"start":{"line":68,"column":29},"end":{"line":68,"column":80}},"40":{"start":{"line":71,"column":12},"end":{"line":73,"column":14}},"41":{"start":{"line":72,"column":16},"end":{"line":72,"column":135}},"42":{"start":{"line":72,"column":29},"end":{"line":72,"column":87}},"43":{"start":{"line":76,"column":12},"end":{"line":78,"column":14}},"44":{"start":{"line":77,"column":16},"end":{"line":77,"column":134}},"45":{"start":{"line":77,"column":29},"end":{"line":77,"column":84}},"46":{"start":{"line":80,"column":12},"end":{"line":82,"column":14}},"47":{"start":{"line":81,"column":16},"end":{"line":81,"column":128}},"48":{"start":{"line":81,"column":29},"end":{"line":81,"column":77}},"49":{"start":{"line":84,"column":12},"end":{"line":86,"column":14}},"50":{"start":{"line":85,"column":16},"end":{"line":85,"column":135}},"51":{"start":{"line":85,"column":29},"end":{"line":85,"column":84}},"52":{"start":{"line":89,"column":12},"end":{"line":91,"column":14}},"53":{"start":{"line":90,"column":16},"end":{"line":90,"column":133}},"54":{"start":{"line":90,"column":29},"end":{"line":90,"column":83}},"55":{"start":{"line":93,"column":12},"end":{"line":95,"column":14}},"56":{"start":{"line":94,"column":16},"end":{"line":94,"column":128}},"57":{"start":{"line":94,"column":29},"end":{"line":94,"column":76}},"58":{"start":{"line":97,"column":12},"end":{"line":99,"column":14}},"59":{"start":{"line":98,"column":16},"end":{"line":98,"column":135}},"60":{"start":{"line":98,"column":29},"end":{"line":98,"column":83}},"61":{"start":{"line":102,"column":12},"end":{"line":104,"column":14}},"62":{"start":{"line":103,"column":16},"end":{"line":103,"column":133}},"63":{"start":{"line":103,"column":29},"end":{"line":103,"column":83}},"64":{"start":{"line":106,"column":12},"end":{"line":108,"column":14}},"65":{"start":{"line":107,"column":16},"end":{"line":107,"column":128}},"66":{"start":{"line":107,"column":29},"end":{"line":107,"column":76}},"67":{"start":{"line":110,"column":12},"end":{"line":112,"column":14}},"68":{"start":{"line":111,"column":16},"end":{"line":111,"column":135}},"69":{"start":{"line":111,"column":29},"end":{"line":111,"column":83}},"70":{"start":{"line":120,"column":8},"end":{"line":206,"column":10}},"71":{"start":{"line":130,"column":12},"end":{"line":130,"column":121}},"72":{"start":{"line":130,"column":29},"end":{"line":130,"column":120}},"73":{"start":{"line":132,"column":12},"end":{"line":145,"column":14}},"74":{"start":{"line":133,"column":47},"end":{"line":133,"column":51}},"75":{"start":{"line":135,"column":27},"end":{"line":135,"column":75}},"76":{"start":{"line":137,"column":16},"end":{"line":137,"column":35}},"77":{"start":{"line":138,"column":16},"end":{"line":138,"column":44}},"78":{"start":{"line":140,"column":30},"end":{"line":140,"column":47}},"79":{"start":{"line":142,"column":32},"end":{"line":142,"column":37}},"80":{"start":{"line":144,"column":16},"end":{"line":144,"column":45}},"81":{"start":{"line":148,"column":12},"end":{"line":160,"column":14}},"82":{"start":{"line":150,"column":36},"end":{"line":150,"column":70}},"83":{"start":{"line":152,"column":47},"end":{"line":152,"column":51}},"84":{"start":{"line":154,"column":16},"end":{"line":159,"column":17}},"85":{"start":{"line":155,"column":20},"end":{"line":155,"column":71}},"86":{"start":{"line":157,"column":20},"end":{"line":157,"column":62}},"87":{"start":{"line":158,"column":20},"end":{"line":158,"column":80}},"88":{"start":{"line":162,"column":12},"end":{"line":174,"column":14}},"89":{"start":{"line":164,"column":36},"end":{"line":164,"column":66}},"90":{"start":{"line":166,"column":47},"end":{"line":166,"column":51}},"91":{"start":{"line":168,"column":16},"end":{"line":173,"column":17}},"92":{"start":{"line":169,"column":20},"end":{"line":169,"column":71}},"93":{"start":{"line":171,"column":20},"end":{"line":171,"column":62}},"94":{"start":{"line":172,"column":20},"end":{"line":172,"column":80}},"95":{"start":{"line":180,"column":12},"end":{"line":182,"column":14}},"96":{"start":{"line":181,"column":16},"end":{"line":181,"column":127}},"97":{"start":{"line":181,"column":29},"end":{"line":181,"column":77}},"98":{"start":{"line":184,"column":12},"end":{"line":186,"column":14}},"99":{"start":{"line":185,"column":16},"end":{"line":185,"column":122}},"100":{"start":{"line":185,"column":29},"end":{"line":185,"column":70}},"101":{"start":{"line":188,"column":12},"end":{"line":190,"column":14}},"102":{"start":{"line":189,"column":16},"end":{"line":189,"column":129}},"103":{"start":{"line":189,"column":29},"end":{"line":189,"column":77}},"104":{"start":{"line":193,"column":12},"end":{"line":195,"column":14}},"105":{"start":{"line":194,"column":16},"end":{"line":194,"column":127}},"106":{"start":{"line":194,"column":29},"end":{"line":194,"column":77}},"107":{"start":{"line":197,"column":12},"end":{"line":199,"column":14}},"108":{"start":{"line":198,"column":16},"end":{"line":198,"column":122}},"109":{"start":{"line":198,"column":29},"end":{"line":198,"column":70}},"110":{"start":{"line":201,"column":12},"end":{"line":203,"column":14}},"111":{"start":{"line":202,"column":16},"end":{"line":202,"column":129}},"112":{"start":{"line":202,"column":29},"end":{"line":202,"column":77}},"113":{"start":{"line":208,"column":8},"end":{"line":257,"column":10}},"114":{"start":{"line":211,"column":12},"end":{"line":215,"column":14}},"115":{"start":{"line":212,"column":16},"end":{"line":212,"column":98}},"116":{"start":{"line":214,"column":16},"end":{"line":214,"column":33}},"117":{"start":{"line":217,"column":12},"end":{"line":232,"column":14}},"118":{"start":{"line":218,"column":30},"end":{"line":218,"column":63}},"119":{"start":{"line":220,"column":16},"end":{"line":220,"column":56}},"120":{"start":{"line":222,"column":72},"end":{"line":222,"column":77}},"121":{"start":{"line":224,"column":16},"end":{"line":224,"column":35}},"122":{"start":{"line":225,"column":16},"end":{"line":225,"column":44}},"123":{"start":{"line":226,"column":16},"end":{"line":226,"column":44}},"124":{"start":{"line":227,"column":16},"end":{"line":227,"column":48}},"125":{"start":{"line":228,"column":16},"end":{"line":228,"column":54}},"126":{"start":{"line":229,"column":16},"end":{"line":229,"column":56}},"127":{"start":{"line":230,"column":16},"end":{"line":230,"column":48}},"128":{"start":{"line":231,"column":16},"end":{"line":231,"column":41}},"129":{"start":{"line":233,"column":12},"end":{"line":243,"column":14}},"130":{"start":{"line":235,"column":37},"end":{"line":235,"column":61}},"131":{"start":{"line":237,"column":16},"end":{"line":242,"column":17}},"132":{"start":{"line":238,"column":20},"end":{"line":238,"column":58}},"133":{"start":{"line":240,"column":20},"end":{"line":240,"column":66}},"134":{"start":{"line":241,"column":20},"end":{"line":241,"column":90}},"135":{"start":{"line":246,"column":12},"end":{"line":248,"column":14}},"136":{"start":{"line":247,"column":16},"end":{"line":247,"column":108}},"137":{"start":{"line":247,"column":29},"end":{"line":247,"column":58}},"138":{"start":{"line":250,"column":12},"end":{"line":252,"column":14}},"139":{"start":{"line":251,"column":16},"end":{"line":251,"column":97}},"140":{"start":{"line":251,"column":29},"end":{"line":251,"column":51}},"141":{"start":{"line":254,"column":12},"end":{"line":256,"column":14}},"142":{"start":{"line":255,"column":16},"end":{"line":255,"column":104}},"143":{"start":{"line":255,"column":29},"end":{"line":255,"column":58}},"144":{"start":{"line":259,"column":8},"end":{"line":400,"column":10}},"145":{"start":{"line":262,"column":12},"end":{"line":262,"column":121}},"146":{"start":{"line":262,"column":29},"end":{"line":262,"column":120}},"147":{"start":{"line":264,"column":12},"end":{"line":286,"column":14}},"148":{"start":{"line":265,"column":66},"end":{"line":265,"column":70}},"149":{"start":{"line":267,"column":32},"end":{"line":267,"column":58}},"150":{"start":{"line":268,"column":35},"end":{"line":268,"column":64}},"151":{"start":{"line":269,"column":36},"end":{"line":269,"column":66}},"152":{"start":{"line":270,"column":36},"end":{"line":270,"column":66}},"153":{"start":{"line":272,"column":28},"end":{"line":272,"column":111}},"154":{"start":{"line":274,"column":16},"end":{"line":274,"column":43}},"155":{"start":{"line":276,"column":31},"end":{"line":276,"column":48}},"156":{"start":{"line":278,"column":32},"end":{"line":278,"column":38}},"157":{"start":{"line":280,"column":16},"end":{"line":280,"column":45}},"158":{"start":{"line":282,"column":16},"end":{"line":282,"column":52}},"159":{"start":{"line":283,"column":16},"end":{"line":283,"column":58}},"160":{"start":{"line":284,"column":16},"end":{"line":284,"column":60}},"161":{"start":{"line":285,"column":16},"end":{"line":285,"column":60}},"162":{"start":{"line":288,"column":12},"end":{"line":307,"column":14}},"163":{"start":{"line":289,"column":66},"end":{"line":289,"column":70}},"164":{"start":{"line":291,"column":32},"end":{"line":291,"column":58}},"165":{"start":{"line":293,"column":28},"end":{"line":293,"column":91}},"166":{"start":{"line":295,"column":16},"end":{"line":295,"column":43}},"167":{"start":{"line":297,"column":31},"end":{"line":297,"column":48}},"168":{"start":{"line":299,"column":32},"end":{"line":299,"column":38}},"169":{"start":{"line":301,"column":16},"end":{"line":301,"column":45}},"170":{"start":{"line":303,"column":16},"end":{"line":303,"column":52}},"171":{"start":{"line":304,"column":16},"end":{"line":304,"column":55}},"172":{"start":{"line":305,"column":16},"end":{"line":305,"column":57}},"173":{"start":{"line":306,"column":16},"end":{"line":306,"column":57}},"174":{"start":{"line":309,"column":12},"end":{"line":328,"column":14}},"175":{"start":{"line":310,"column":66},"end":{"line":310,"column":70}},"176":{"start":{"line":312,"column":35},"end":{"line":312,"column":64}},"177":{"start":{"line":314,"column":28},"end":{"line":314,"column":94}},"178":{"start":{"line":316,"column":16},"end":{"line":316,"column":43}},"179":{"start":{"line":318,"column":31},"end":{"line":318,"column":48}},"180":{"start":{"line":320,"column":32},"end":{"line":320,"column":38}},"181":{"start":{"line":322,"column":16},"end":{"line":322,"column":45}},"182":{"start":{"line":324,"column":16},"end":{"line":324,"column":49}},"183":{"start":{"line":325,"column":16},"end":{"line":325,"column":58}},"184":{"start":{"line":326,"column":16},"end":{"line":326,"column":57}},"185":{"start":{"line":327,"column":16},"end":{"line":327,"column":57}},"186":{"start":{"line":332,"column":12},"end":{"line":336,"column":14}},"187":{"start":{"line":333,"column":66},"end":{"line":333,"column":70}},"188":{"start":{"line":335,"column":16},"end":{"line":335,"column":151}},"189":{"start":{"line":335,"column":29},"end":{"line":335,"column":101}},"190":{"start":{"line":338,"column":12},"end":{"line":349,"column":14}},"191":{"start":{"line":339,"column":37},"end":{"line":339,"column":61}},"192":{"start":{"line":341,"column":66},"end":{"line":341,"column":70}},"193":{"start":{"line":343,"column":16},"end":{"line":348,"column":17}},"194":{"start":{"line":344,"column":20},"end":{"line":344,"column":101}},"195":{"start":{"line":346,"column":20},"end":{"line":346,"column":66}},"196":{"start":{"line":347,"column":20},"end":{"line":347,"column":90}},"197":{"start":{"line":351,"column":12},"end":{"line":362,"column":14}},"198":{"start":{"line":352,"column":43},"end":{"line":352,"column":73}},"199":{"start":{"line":354,"column":66},"end":{"line":354,"column":70}},"200":{"start":{"line":356,"column":16},"end":{"line":361,"column":17}},"201":{"start":{"line":357,"column":20},"end":{"line":357,"column":101}},"202":{"start":{"line":359,"column":20},"end":{"line":359,"column":62}},"203":{"start":{"line":360,"column":20},"end":{"line":360,"column":68}},"204":{"start":{"line":366,"column":12},"end":{"line":399,"column":14}},"205":{"start":{"line":369,"column":16},"end":{"line":373,"column":18}},"206":{"start":{"line":370,"column":20},"end":{"line":370,"column":104}},"207":{"start":{"line":372,"column":20},"end":{"line":372,"column":38}},"208":{"start":{"line":375,"column":16},"end":{"line":396,"column":18}},"209":{"start":{"line":376,"column":70},"end":{"line":376,"column":75}},"210":{"start":{"line":378,"column":40},"end":{"line":378,"column":44}},"211":{"start":{"line":380,"column":20},"end":{"line":395,"column":21}},"212":{"start":{"line":381,"column":36},"end":{"line":381,"column":103}},"213":{"start":{"line":383,"column":24},"end":{"line":383,"column":48}},"214":{"start":{"line":385,"column":24},"end":{"line":385,"column":72}},"215":{"start":{"line":387,"column":38},"end":{"line":387,"column":61}},"216":{"start":{"line":389,"column":24},"end":{"line":389,"column":53}},"217":{"start":{"line":391,"column":24},"end":{"line":391,"column":57}},"218":{"start":{"line":392,"column":24},"end":{"line":392,"column":63}},"219":{"start":{"line":393,"column":24},"end":{"line":393,"column":65}},"220":{"start":{"line":394,"column":24},"end":{"line":394,"column":65}},"221":{"start":{"line":404,"column":4},"end":{"line":2058,"column":6}},"222":{"start":{"line":409,"column":8},"end":{"line":561,"column":10}},"223":{"start":{"line":412,"column":12},"end":{"line":432,"column":14}},"224":{"start":{"line":413,"column":16},"end":{"line":413,"column":98}},"225":{"start":{"line":415,"column":16},"end":{"line":415,"column":47}},"226":{"start":{"line":417,"column":16},"end":{"line":417,"column":46}},"227":{"start":{"line":419,"column":16},"end":{"line":419,"column":39}},"228":{"start":{"line":421,"column":16},"end":{"line":421,"column":60}},"229":{"start":{"line":423,"column":16},"end":{"line":423,"column":38}},"230":{"start":{"line":425,"column":16},"end":{"line":425,"column":41}},"231":{"start":{"line":427,"column":16},"end":{"line":427,"column":32}},"232":{"start":{"line":429,"column":16},"end":{"line":429,"column":37}},"233":{"start":{"line":431,"column":16},"end":{"line":431,"column":33}},"234":{"start":{"line":434,"column":12},"end":{"line":467,"column":14}},"235":{"start":{"line":436,"column":31},"end":{"line":436,"column":38}},"236":{"start":{"line":438,"column":28},"end":{"line":438,"column":131}},"237":{"start":{"line":440,"column":16},"end":{"line":440,"column":43}},"238":{"start":{"line":442,"column":29},"end":{"line":442,"column":45}},"239":{"start":{"line":444,"column":30},"end":{"line":444,"column":34}},"240":{"start":{"line":446,"column":16},"end":{"line":446,"column":49}},"241":{"start":{"line":448,"column":16},"end":{"line":448,"column":61}},"242":{"start":{"line":450,"column":16},"end":{"line":450,"column":51}},"243":{"start":{"line":452,"column":16},"end":{"line":452,"column":53}},"244":{"start":{"line":454,"column":16},"end":{"line":454,"column":55}},"245":{"start":{"line":456,"column":16},"end":{"line":456,"column":49}},"246":{"start":{"line":458,"column":16},"end":{"line":458,"column":52}},"247":{"start":{"line":460,"column":16},"end":{"line":460,"column":47}},"248":{"start":{"line":462,"column":16},"end":{"line":462,"column":56}},"249":{"start":{"line":464,"column":16},"end":{"line":464,"column":51}},"250":{"start":{"line":466,"column":16},"end":{"line":466,"column":61}},"251":{"start":{"line":470,"column":12},"end":{"line":477,"column":14}},"252":{"start":{"line":474,"column":31},"end":{"line":474,"column":40}},"253":{"start":{"line":476,"column":16},"end":{"line":476,"column":176}},"254":{"start":{"line":476,"column":29},"end":{"line":476,"column":126}},"255":{"start":{"line":479,"column":12},"end":{"line":490,"column":14}},"256":{"start":{"line":480,"column":37},"end":{"line":480,"column":61}},"257":{"start":{"line":482,"column":31},"end":{"line":482,"column":43}},"258":{"start":{"line":484,"column":16},"end":{"line":489,"column":17}},"259":{"start":{"line":485,"column":20},"end":{"line":485,"column":123}},"260":{"start":{"line":487,"column":20},"end":{"line":487,"column":66}},"261":{"start":{"line":488,"column":20},"end":{"line":488,"column":90}},"262":{"start":{"line":491,"column":12},"end":{"line":495,"column":14}},"263":{"start":{"line":493,"column":31},"end":{"line":493,"column":32}},"264":{"start":{"line":494,"column":16},"end":{"line":494,"column":176}},"265":{"start":{"line":494,"column":29},"end":{"line":494,"column":126}},"266":{"start":{"line":497,"column":12},"end":{"line":504,"column":14}},"267":{"start":{"line":499,"column":31},"end":{"line":499,"column":38}},"268":{"start":{"line":501,"column":30},"end":{"line":501,"column":39}},"269":{"start":{"line":503,"column":16},"end":{"line":503,"column":176}},"270":{"start":{"line":503,"column":29},"end":{"line":503,"column":126}},"271":{"start":{"line":506,"column":12},"end":{"line":513,"column":14}},"272":{"start":{"line":508,"column":31},"end":{"line":508,"column":38}},"273":{"start":{"line":510,"column":30},"end":{"line":510,"column":31}},"274":{"start":{"line":512,"column":16},"end":{"line":512,"column":175}},"275":{"start":{"line":512,"column":29},"end":{"line":512,"column":126}},"276":{"start":{"line":515,"column":12},"end":{"line":522,"column":14}},"277":{"start":{"line":517,"column":31},"end":{"line":517,"column":38}},"278":{"start":{"line":519,"column":31},"end":{"line":519,"column":32}},"279":{"start":{"line":521,"column":16},"end":{"line":521,"column":176}},"280":{"start":{"line":521,"column":29},"end":{"line":521,"column":126}},"281":{"start":{"line":523,"column":12},"end":{"line":530,"column":14}},"282":{"start":{"line":525,"column":31},"end":{"line":525,"column":38}},"283":{"start":{"line":527,"column":32},"end":{"line":527,"column":33}},"284":{"start":{"line":529,"column":16},"end":{"line":529,"column":177}},"285":{"start":{"line":529,"column":29},"end":{"line":529,"column":126}},"286":{"start":{"line":531,"column":12},"end":{"line":538,"column":14}},"287":{"start":{"line":533,"column":31},"end":{"line":533,"column":38}},"288":{"start":{"line":535,"column":36},"end":{"line":535,"column":37}},"289":{"start":{"line":537,"column":16},"end":{"line":537,"column":181}},"290":{"start":{"line":537,"column":29},"end":{"line":537,"column":126}},"291":{"start":{"line":539,"column":12},"end":{"line":546,"column":14}},"292":{"start":{"line":541,"column":31},"end":{"line":541,"column":38}},"293":{"start":{"line":543,"column":33},"end":{"line":543,"column":34}},"294":{"start":{"line":545,"column":16},"end":{"line":545,"column":178}},"295":{"start":{"line":545,"column":29},"end":{"line":545,"column":126}},"296":{"start":{"line":548,"column":12},"end":{"line":555,"column":14}},"297":{"start":{"line":550,"column":31},"end":{"line":550,"column":38}},"298":{"start":{"line":552,"column":30},"end":{"line":552,"column":31}},"299":{"start":{"line":554,"column":16},"end":{"line":554,"column":175}},"300":{"start":{"line":554,"column":29},"end":{"line":554,"column":126}},"301":{"start":{"line":562,"column":8},"end":{"line":610,"column":10}},"302":{"start":{"line":565,"column":12},"end":{"line":591,"column":14}},"303":{"start":{"line":566,"column":16},"end":{"line":566,"column":98}},"304":{"start":{"line":567,"column":16},"end":{"line":567,"column":104}},"305":{"start":{"line":569,"column":16},"end":{"line":569,"column":29}},"306":{"start":{"line":571,"column":16},"end":{"line":571,"column":46}},"307":{"start":{"line":573,"column":16},"end":{"line":573,"column":39}},"308":{"start":{"line":575,"column":16},"end":{"line":575,"column":60}},"309":{"start":{"line":577,"column":16},"end":{"line":577,"column":38}},"310":{"start":{"line":579,"column":16},"end":{"line":579,"column":41}},"311":{"start":{"line":581,"column":16},"end":{"line":581,"column":32}},"312":{"start":{"line":583,"column":16},"end":{"line":583,"column":32}},"313":{"start":{"line":585,"column":16},"end":{"line":585,"column":118}},"314":{"start":{"line":588,"column":16},"end":{"line":588,"column":33}},"315":{"start":{"line":589,"column":16},"end":{"line":589,"column":32}},"316":{"start":{"line":590,"column":16},"end":{"line":590,"column":74}},"317":{"start":{"line":592,"column":12},"end":{"line":608,"column":14}},"318":{"start":{"line":595,"column":28},"end":{"line":595,"column":80}},"319":{"start":{"line":597,"column":16},"end":{"line":597,"column":43}},"320":{"start":{"line":599,"column":29},"end":{"line":599,"column":55}},"321":{"start":{"line":601,"column":16},"end":{"line":601,"column":48}},"322":{"start":{"line":603,"column":16},"end":{"line":603,"column":56}},"323":{"start":{"line":605,"column":16},"end":{"line":605,"column":60}},"324":{"start":{"line":611,"column":8},"end":{"line":659,"column":10}},"325":{"start":{"line":614,"column":12},"end":{"line":640,"column":14}},"326":{"start":{"line":615,"column":16},"end":{"line":615,"column":98}},"327":{"start":{"line":616,"column":16},"end":{"line":616,"column":104}},"328":{"start":{"line":618,"column":16},"end":{"line":618,"column":29}},"329":{"start":{"line":620,"column":16},"end":{"line":620,"column":46}},"330":{"start":{"line":622,"column":16},"end":{"line":622,"column":39}},"331":{"start":{"line":624,"column":16},"end":{"line":624,"column":60}},"332":{"start":{"line":626,"column":16},"end":{"line":626,"column":38}},"333":{"start":{"line":628,"column":16},"end":{"line":628,"column":41}},"334":{"start":{"line":630,"column":16},"end":{"line":630,"column":32}},"335":{"start":{"line":632,"column":16},"end":{"line":632,"column":32}},"336":{"start":{"line":634,"column":16},"end":{"line":634,"column":118}},"337":{"start":{"line":637,"column":16},"end":{"line":637,"column":33}},"338":{"start":{"line":638,"column":16},"end":{"line":638,"column":32}},"339":{"start":{"line":639,"column":16},"end":{"line":639,"column":74}},"340":{"start":{"line":641,"column":12},"end":{"line":657,"column":14}},"341":{"start":{"line":644,"column":28},"end":{"line":644,"column":80}},"342":{"start":{"line":646,"column":16},"end":{"line":646,"column":43}},"343":{"start":{"line":648,"column":29},"end":{"line":648,"column":55}},"344":{"start":{"line":650,"column":16},"end":{"line":650,"column":48}},"345":{"start":{"line":652,"column":16},"end":{"line":652,"column":56}},"346":{"start":{"line":654,"column":16},"end":{"line":654,"column":60}},"347":{"start":{"line":664,"column":8},"end":{"line":906,"column":10}},"348":{"start":{"line":667,"column":12},"end":{"line":693,"column":14}},"349":{"start":{"line":668,"column":16},"end":{"line":668,"column":98}},"350":{"start":{"line":669,"column":16},"end":{"line":669,"column":104}},"351":{"start":{"line":671,"column":16},"end":{"line":671,"column":47}},"352":{"start":{"line":673,"column":16},"end":{"line":673,"column":46}},"353":{"start":{"line":675,"column":16},"end":{"line":675,"column":39}},"354":{"start":{"line":677,"column":16},"end":{"line":677,"column":60}},"355":{"start":{"line":679,"column":16},"end":{"line":679,"column":38}},"356":{"start":{"line":681,"column":16},"end":{"line":681,"column":41}},"357":{"start":{"line":683,"column":16},"end":{"line":683,"column":32}},"358":{"start":{"line":685,"column":16},"end":{"line":685,"column":31}},"359":{"start":{"line":687,"column":16},"end":{"line":687,"column":118}},"360":{"start":{"line":690,"column":16},"end":{"line":690,"column":33}},"361":{"start":{"line":691,"column":16},"end":{"line":691,"column":32}},"362":{"start":{"line":692,"column":16},"end":{"line":692,"column":74}},"363":{"start":{"line":696,"column":12},"end":{"line":905,"column":14}},"364":{"start":{"line":698,"column":16},"end":{"line":711,"column":18}},"365":{"start":{"line":700,"column":32},"end":{"line":700,"column":72}},"366":{"start":{"line":702,"column":20},"end":{"line":702,"column":47}},"367":{"start":{"line":704,"column":33},"end":{"line":704,"column":49}},"368":{"start":{"line":706,"column":20},"end":{"line":706,"column":51}},"369":{"start":{"line":708,"column":35},"end":{"line":708,"column":39}},"370":{"start":{"line":710,"column":20},"end":{"line":710,"column":77}},"371":{"start":{"line":715,"column":16},"end":{"line":904,"column":18}},"372":{"start":{"line":717,"column":20},"end":{"line":732,"column":22}},"373":{"start":{"line":719,"column":36},"end":{"line":719,"column":84}},"374":{"start":{"line":721,"column":24},"end":{"line":721,"column":51}},"375":{"start":{"line":723,"column":37},"end":{"line":723,"column":53}},"376":{"start":{"line":725,"column":24},"end":{"line":725,"column":55}},"377":{"start":{"line":727,"column":39},"end":{"line":727,"column":43}},"378":{"start":{"line":729,"column":24},"end":{"line":729,"column":56}},"379":{"start":{"line":730,"column":24},"end":{"line":730,"column":70}},"380":{"start":{"line":731,"column":24},"end":{"line":731,"column":77}},"381":{"start":{"line":734,"column":20},"end":{"line":758,"column":22}},"382":{"start":{"line":735,"column":39},"end":{"line":735,"column":40}},"383":{"start":{"line":737,"column":43},"end":{"line":737,"column":55}},"384":{"start":{"line":739,"column":36},"end":{"line":739,"column":92}},"385":{"start":{"line":741,"column":24},"end":{"line":741,"column":51}},"386":{"start":{"line":743,"column":37},"end":{"line":743,"column":53}},"387":{"start":{"line":745,"column":24},"end":{"line":745,"column":55}},"388":{"start":{"line":747,"column":39},"end":{"line":747,"column":43}},"389":{"start":{"line":749,"column":24},"end":{"line":749,"column":56}},"390":{"start":{"line":750,"column":24},"end":{"line":750,"column":70}},"391":{"start":{"line":751,"column":24},"end":{"line":751,"column":77}},"392":{"start":{"line":753,"column":24},"end":{"line":753,"column":52}},"393":{"start":{"line":754,"column":24},"end":{"line":754,"column":60}},"394":{"start":{"line":755,"column":24},"end":{"line":755,"column":68}},"395":{"start":{"line":761,"column":20},"end":{"line":771,"column":22}},"396":{"start":{"line":762,"column":39},"end":{"line":762,"column":40}},"397":{"start":{"line":763,"column":45},"end":{"line":763,"column":59}},"398":{"start":{"line":764,"column":43},"end":{"line":764,"column":55}},"399":{"start":{"line":765,"column":24},"end":{"line":770,"column":25}},"400":{"start":{"line":766,"column":40},"end":{"line":766,"column":101}},"401":{"start":{"line":768,"column":28},"end":{"line":768,"column":74}},"402":{"start":{"line":769,"column":28},"end":{"line":769,"column":98}},"403":{"start":{"line":773,"column":20},"end":{"line":783,"column":22}},"404":{"start":{"line":774,"column":39},"end":{"line":774,"column":40}},"405":{"start":{"line":775,"column":45},"end":{"line":775,"column":59}},"406":{"start":{"line":776,"column":43},"end":{"line":776,"column":55}},"407":{"start":{"line":777,"column":24},"end":{"line":782,"column":25}},"408":{"start":{"line":778,"column":40},"end":{"line":778,"column":102}},"409":{"start":{"line":780,"column":28},"end":{"line":780,"column":74}},"410":{"start":{"line":781,"column":28},"end":{"line":781,"column":97}},"411":{"start":{"line":785,"column":20},"end":{"line":795,"column":22}},"412":{"start":{"line":786,"column":39},"end":{"line":786,"column":40}},"413":{"start":{"line":787,"column":45},"end":{"line":787,"column":46}},"414":{"start":{"line":788,"column":43},"end":{"line":788,"column":55}},"415":{"start":{"line":789,"column":24},"end":{"line":794,"column":25}},"416":{"start":{"line":790,"column":40},"end":{"line":790,"column":102}},"417":{"start":{"line":792,"column":28},"end":{"line":792,"column":70}},"418":{"start":{"line":793,"column":28},"end":{"line":793,"column":91}},"419":{"start":{"line":797,"column":20},"end":{"line":807,"column":22}},"420":{"start":{"line":798,"column":39},"end":{"line":798,"column":40}},"421":{"start":{"line":799,"column":45},"end":{"line":799,"column":46}},"422":{"start":{"line":800,"column":43},"end":{"line":800,"column":55}},"423":{"start":{"line":801,"column":24},"end":{"line":806,"column":25}},"424":{"start":{"line":802,"column":40},"end":{"line":802,"column":102}},"425":{"start":{"line":804,"column":28},"end":{"line":804,"column":70}},"426":{"start":{"line":805,"column":28},"end":{"line":805,"column":91}},"427":{"start":{"line":808,"column":20},"end":{"line":818,"column":22}},"428":{"start":{"line":809,"column":39},"end":{"line":809,"column":40}},"429":{"start":{"line":810,"column":45},"end":{"line":810,"column":49}},"430":{"start":{"line":811,"column":43},"end":{"line":811,"column":55}},"431":{"start":{"line":812,"column":24},"end":{"line":817,"column":25}},"432":{"start":{"line":813,"column":40},"end":{"line":813,"column":102}},"433":{"start":{"line":815,"column":28},"end":{"line":815,"column":70}},"434":{"start":{"line":816,"column":28},"end":{"line":816,"column":91}},"435":{"start":{"line":819,"column":20},"end":{"line":829,"column":22}},"436":{"start":{"line":820,"column":39},"end":{"line":820,"column":40}},"437":{"start":{"line":821,"column":45},"end":{"line":821,"column":54}},"438":{"start":{"line":822,"column":43},"end":{"line":822,"column":55}},"439":{"start":{"line":823,"column":24},"end":{"line":828,"column":25}},"440":{"start":{"line":824,"column":40},"end":{"line":824,"column":102}},"441":{"start":{"line":826,"column":28},"end":{"line":826,"column":70}},"442":{"start":{"line":827,"column":28},"end":{"line":827,"column":91}},"443":{"start":{"line":830,"column":20},"end":{"line":840,"column":22}},"444":{"start":{"line":831,"column":39},"end":{"line":831,"column":40}},"445":{"start":{"line":832,"column":45},"end":{"line":832,"column":49}},"446":{"start":{"line":833,"column":43},"end":{"line":833,"column":55}},"447":{"start":{"line":834,"column":24},"end":{"line":839,"column":25}},"448":{"start":{"line":835,"column":40},"end":{"line":835,"column":102}},"449":{"start":{"line":837,"column":28},"end":{"line":837,"column":70}},"450":{"start":{"line":838,"column":28},"end":{"line":838,"column":91}},"451":{"start":{"line":844,"column":20},"end":{"line":854,"column":22}},"452":{"start":{"line":845,"column":39},"end":{"line":845,"column":40}},"453":{"start":{"line":846,"column":45},"end":{"line":846,"column":59}},"454":{"start":{"line":847,"column":43},"end":{"line":847,"column":55}},"455":{"start":{"line":848,"column":24},"end":{"line":853,"column":25}},"456":{"start":{"line":849,"column":40},"end":{"line":849,"column":102}},"457":{"start":{"line":851,"column":28},"end":{"line":851,"column":74}},"458":{"start":{"line":852,"column":28},"end":{"line":852,"column":97}},"459":{"start":{"line":855,"column":20},"end":{"line":865,"column":22}},"460":{"start":{"line":856,"column":39},"end":{"line":856,"column":40}},"461":{"start":{"line":857,"column":45},"end":{"line":857,"column":46}},"462":{"start":{"line":858,"column":43},"end":{"line":858,"column":55}},"463":{"start":{"line":859,"column":24},"end":{"line":864,"column":25}},"464":{"start":{"line":860,"column":40},"end":{"line":860,"column":101}},"465":{"start":{"line":862,"column":28},"end":{"line":862,"column":70}},"466":{"start":{"line":863,"column":28},"end":{"line":863,"column":91}},"467":{"start":{"line":867,"column":20},"end":{"line":877,"column":22}},"468":{"start":{"line":868,"column":39},"end":{"line":868,"column":40}},"469":{"start":{"line":869,"column":45},"end":{"line":869,"column":50}},"470":{"start":{"line":870,"column":43},"end":{"line":870,"column":55}},"471":{"start":{"line":871,"column":24},"end":{"line":876,"column":25}},"472":{"start":{"line":872,"column":40},"end":{"line":872,"column":101}},"473":{"start":{"line":874,"column":28},"end":{"line":874,"column":70}},"474":{"start":{"line":875,"column":28},"end":{"line":875,"column":91}},"475":{"start":{"line":879,"column":20},"end":{"line":889,"column":22}},"476":{"start":{"line":880,"column":39},"end":{"line":880,"column":40}},"477":{"start":{"line":881,"column":45},"end":{"line":881,"column":54}},"478":{"start":{"line":882,"column":43},"end":{"line":882,"column":55}},"479":{"start":{"line":883,"column":24},"end":{"line":888,"column":25}},"480":{"start":{"line":884,"column":40},"end":{"line":884,"column":101}},"481":{"start":{"line":886,"column":28},"end":{"line":886,"column":70}},"482":{"start":{"line":887,"column":28},"end":{"line":887,"column":91}},"483":{"start":{"line":891,"column":20},"end":{"line":901,"column":22}},"484":{"start":{"line":892,"column":39},"end":{"line":892,"column":40}},"485":{"start":{"line":893,"column":45},"end":{"line":893,"column":49}},"486":{"start":{"line":894,"column":43},"end":{"line":894,"column":55}},"487":{"start":{"line":895,"column":24},"end":{"line":900,"column":25}},"488":{"start":{"line":896,"column":40},"end":{"line":896,"column":101}},"489":{"start":{"line":898,"column":28},"end":{"line":898,"column":70}},"490":{"start":{"line":899,"column":28},"end":{"line":899,"column":91}},"491":{"start":{"line":908,"column":8},"end":{"line":1375,"column":10}},"492":{"start":{"line":911,"column":12},"end":{"line":938,"column":14}},"493":{"start":{"line":912,"column":16},"end":{"line":912,"column":98}},"494":{"start":{"line":914,"column":16},"end":{"line":914,"column":47}},"495":{"start":{"line":916,"column":16},"end":{"line":916,"column":46}},"496":{"start":{"line":918,"column":16},"end":{"line":918,"column":39}},"497":{"start":{"line":920,"column":16},"end":{"line":920,"column":60}},"498":{"start":{"line":922,"column":16},"end":{"line":922,"column":38}},"499":{"start":{"line":924,"column":16},"end":{"line":924,"column":41}},"500":{"start":{"line":926,"column":16},"end":{"line":926,"column":32}},"501":{"start":{"line":928,"column":16},"end":{"line":928,"column":31}},"502":{"start":{"line":932,"column":16},"end":{"line":932,"column":118}},"503":{"start":{"line":933,"column":16},"end":{"line":933,"column":119}},"504":{"start":{"line":935,"column":16},"end":{"line":935,"column":33}},"505":{"start":{"line":936,"column":16},"end":{"line":936,"column":32}},"506":{"start":{"line":937,"column":16},"end":{"line":937,"column":33}},"507":{"start":{"line":940,"column":12},"end":{"line":947,"column":14}},"508":{"start":{"line":942,"column":16},"end":{"line":942,"column":40}},"509":{"start":{"line":944,"column":29},"end":{"line":944,"column":54}},"510":{"start":{"line":946,"column":16},"end":{"line":946,"column":47}},"511":{"start":{"line":949,"column":12},"end":{"line":1023,"column":14}},"512":{"start":{"line":950,"column":29},"end":{"line":950,"column":54}},"513":{"start":{"line":952,"column":30},"end":{"line":952,"column":46}},"514":{"start":{"line":954,"column":16},"end":{"line":954,"column":48}},"515":{"start":{"line":956,"column":16},"end":{"line":956,"column":58}},"516":{"start":{"line":958,"column":38},"end":{"line":958,"column":43}},"517":{"start":{"line":960,"column":16},"end":{"line":960,"column":48}},"518":{"start":{"line":962,"column":16},"end":{"line":962,"column":66}},"519":{"start":{"line":964,"column":16},"end":{"line":964,"column":56}},"520":{"start":{"line":966,"column":16},"end":{"line":966,"column":58}},"521":{"start":{"line":968,"column":16},"end":{"line":968,"column":60}},"522":{"start":{"line":970,"column":16},"end":{"line":970,"column":53}},"523":{"start":{"line":972,"column":16},"end":{"line":972,"column":57}},"524":{"start":{"line":975,"column":16},"end":{"line":975,"column":50}},"525":{"start":{"line":977,"column":16},"end":{"line":977,"column":68}},"526":{"start":{"line":979,"column":16},"end":{"line":979,"column":58}},"527":{"start":{"line":981,"column":16},"end":{"line":981,"column":60}},"528":{"start":{"line":983,"column":16},"end":{"line":983,"column":62}},"529":{"start":{"line":985,"column":16},"end":{"line":985,"column":54}},"530":{"start":{"line":987,"column":16},"end":{"line":987,"column":58}},"531":{"start":{"line":990,"column":40},"end":{"line":990,"column":44}},"532":{"start":{"line":992,"column":16},"end":{"line":992,"column":55}},"533":{"start":{"line":993,"column":16},"end":{"line":993,"column":56}},"534":{"start":{"line":995,"column":16},"end":{"line":995,"column":48}},"535":{"start":{"line":997,"column":16},"end":{"line":997,"column":66}},"536":{"start":{"line":999,"column":16},"end":{"line":999,"column":56}},"537":{"start":{"line":1001,"column":16},"end":{"line":1001,"column":58}},"538":{"start":{"line":1003,"column":16},"end":{"line":1003,"column":60}},"539":{"start":{"line":1005,"column":16},"end":{"line":1005,"column":53}},"540":{"start":{"line":1007,"column":16},"end":{"line":1007,"column":57}},"541":{"start":{"line":1010,"column":16},"end":{"line":1010,"column":50}},"542":{"start":{"line":1012,"column":16},"end":{"line":1012,"column":68}},"543":{"start":{"line":1014,"column":16},"end":{"line":1014,"column":58}},"544":{"start":{"line":1016,"column":16},"end":{"line":1016,"column":60}},"545":{"start":{"line":1018,"column":16},"end":{"line":1018,"column":62}},"546":{"start":{"line":1020,"column":16},"end":{"line":1020,"column":54}},"547":{"start":{"line":1022,"column":16},"end":{"line":1022,"column":58}},"548":{"start":{"line":1026,"column":12},"end":{"line":1051,"column":14}},"549":{"start":{"line":1027,"column":30},"end":{"line":1027,"column":46}},"550":{"start":{"line":1029,"column":38},"end":{"line":1029,"column":43}},"551":{"start":{"line":1031,"column":28},"end":{"line":1031,"column":64}},"552":{"start":{"line":1033,"column":16},"end":{"line":1033,"column":48}},"553":{"start":{"line":1035,"column":16},"end":{"line":1035,"column":66}},"554":{"start":{"line":1037,"column":16},"end":{"line":1037,"column":56}},"555":{"start":{"line":1039,"column":16},"end":{"line":1039,"column":58}},"556":{"start":{"line":1041,"column":16},"end":{"line":1041,"column":60}},"557":{"start":{"line":1043,"column":16},"end":{"line":1043,"column":53}},"558":{"start":{"line":1045,"column":16},"end":{"line":1045,"column":57}},"559":{"start":{"line":1047,"column":16},"end":{"line":1047,"column":53}},"560":{"start":{"line":1053,"column":12},"end":{"line":1070,"column":14}},"561":{"start":{"line":1054,"column":41},"end":{"line":1054,"column":59}},"562":{"start":{"line":1056,"column":30},"end":{"line":1056,"column":46}},"563":{"start":{"line":1058,"column":38},"end":{"line":1058,"column":43}},"564":{"start":{"line":1061,"column":16},"end":{"line":1068,"column":17}},"565":{"start":{"line":1063,"column":32},"end":{"line":1063,"column":77}},"566":{"start":{"line":1066,"column":20},"end":{"line":1066,"column":63}},"567":{"start":{"line":1067,"column":20},"end":{"line":1067,"column":94}},"568":{"start":{"line":1073,"column":12},"end":{"line":1088,"column":14}},"569":{"start":{"line":1074,"column":40},"end":{"line":1074,"column":58}},"570":{"start":{"line":1076,"column":30},"end":{"line":1076,"column":46}},"571":{"start":{"line":1078,"column":38},"end":{"line":1078,"column":43}},"572":{"start":{"line":1081,"column":16},"end":{"line":1086,"column":17}},"573":{"start":{"line":1082,"column":20},"end":{"line":1082,"column":64}},"574":{"start":{"line":1084,"column":20},"end":{"line":1084,"column":63}},"575":{"start":{"line":1085,"column":20},"end":{"line":1085,"column":92}},"576":{"start":{"line":1090,"column":12},"end":{"line":1105,"column":14}},"577":{"start":{"line":1091,"column":41},"end":{"line":1091,"column":42}},"578":{"start":{"line":1093,"column":30},"end":{"line":1093,"column":46}},"579":{"start":{"line":1095,"column":38},"end":{"line":1095,"column":43}},"580":{"start":{"line":1098,"column":16},"end":{"line":1103,"column":17}},"581":{"start":{"line":1099,"column":20},"end":{"line":1099,"column":64}},"582":{"start":{"line":1101,"column":20},"end":{"line":1101,"column":59}},"583":{"start":{"line":1102,"column":20},"end":{"line":1102,"column":87}},"584":{"start":{"line":1106,"column":12},"end":{"line":1121,"column":14}},"585":{"start":{"line":1107,"column":41},"end":{"line":1107,"column":45}},"586":{"start":{"line":1109,"column":30},"end":{"line":1109,"column":46}},"587":{"start":{"line":1111,"column":38},"end":{"line":1111,"column":43}},"588":{"start":{"line":1114,"column":16},"end":{"line":1119,"column":17}},"589":{"start":{"line":1115,"column":20},"end":{"line":1115,"column":64}},"590":{"start":{"line":1117,"column":20},"end":{"line":1117,"column":59}},"591":{"start":{"line":1118,"column":20},"end":{"line":1118,"column":87}},"592":{"start":{"line":1122,"column":12},"end":{"line":1137,"column":14}},"593":{"start":{"line":1123,"column":41},"end":{"line":1123,"column":50}},"594":{"start":{"line":1125,"column":30},"end":{"line":1125,"column":46}},"595":{"start":{"line":1127,"column":38},"end":{"line":1127,"column":43}},"596":{"start":{"line":1130,"column":16},"end":{"line":1135,"column":17}},"597":{"start":{"line":1131,"column":20},"end":{"line":1131,"column":64}},"598":{"start":{"line":1133,"column":20},"end":{"line":1133,"column":59}},"599":{"start":{"line":1134,"column":20},"end":{"line":1134,"column":87}},"600":{"start":{"line":1138,"column":12},"end":{"line":1153,"column":14}},"601":{"start":{"line":1139,"column":41},"end":{"line":1139,"column":45}},"602":{"start":{"line":1141,"column":30},"end":{"line":1141,"column":46}},"603":{"start":{"line":1143,"column":38},"end":{"line":1143,"column":43}},"604":{"start":{"line":1146,"column":16},"end":{"line":1151,"column":17}},"605":{"start":{"line":1147,"column":20},"end":{"line":1147,"column":64}},"606":{"start":{"line":1149,"column":20},"end":{"line":1149,"column":59}},"607":{"start":{"line":1150,"column":20},"end":{"line":1150,"column":87}},"608":{"start":{"line":1155,"column":12},"end":{"line":1170,"column":14}},"609":{"start":{"line":1156,"column":40},"end":{"line":1156,"column":41}},"610":{"start":{"line":1158,"column":30},"end":{"line":1158,"column":46}},"611":{"start":{"line":1160,"column":38},"end":{"line":1160,"column":43}},"612":{"start":{"line":1163,"column":16},"end":{"line":1168,"column":17}},"613":{"start":{"line":1164,"column":20},"end":{"line":1164,"column":64}},"614":{"start":{"line":1166,"column":20},"end":{"line":1166,"column":59}},"615":{"start":{"line":1167,"column":20},"end":{"line":1167,"column":86}},"616":{"start":{"line":1171,"column":12},"end":{"line":1186,"column":14}},"617":{"start":{"line":1172,"column":40},"end":{"line":1172,"column":44}},"618":{"start":{"line":1174,"column":30},"end":{"line":1174,"column":46}},"619":{"start":{"line":1176,"column":38},"end":{"line":1176,"column":43}},"620":{"start":{"line":1179,"column":16},"end":{"line":1184,"column":17}},"621":{"start":{"line":1180,"column":20},"end":{"line":1180,"column":64}},"622":{"start":{"line":1182,"column":20},"end":{"line":1182,"column":59}},"623":{"start":{"line":1183,"column":20},"end":{"line":1183,"column":86}},"624":{"start":{"line":1187,"column":12},"end":{"line":1202,"column":14}},"625":{"start":{"line":1188,"column":40},"end":{"line":1188,"column":49}},"626":{"start":{"line":1190,"column":30},"end":{"line":1190,"column":46}},"627":{"start":{"line":1192,"column":38},"end":{"line":1192,"column":43}},"628":{"start":{"line":1195,"column":16},"end":{"line":1200,"column":17}},"629":{"start":{"line":1196,"column":20},"end":{"line":1196,"column":64}},"630":{"start":{"line":1198,"column":20},"end":{"line":1198,"column":59}},"631":{"start":{"line":1199,"column":20},"end":{"line":1199,"column":86}},"632":{"start":{"line":1203,"column":12},"end":{"line":1218,"column":14}},"633":{"start":{"line":1204,"column":40},"end":{"line":1204,"column":41}},"634":{"start":{"line":1206,"column":30},"end":{"line":1206,"column":46}},"635":{"start":{"line":1208,"column":38},"end":{"line":1208,"column":43}},"636":{"start":{"line":1211,"column":16},"end":{"line":1216,"column":17}},"637":{"start":{"line":1212,"column":20},"end":{"line":1212,"column":64}},"638":{"start":{"line":1214,"column":20},"end":{"line":1214,"column":59}},"639":{"start":{"line":1215,"column":20},"end":{"line":1215,"column":86}},"640":{"start":{"line":1222,"column":12},"end":{"line":1296,"column":14}},"641":{"start":{"line":1223,"column":29},"end":{"line":1223,"column":58}},"642":{"start":{"line":1225,"column":30},"end":{"line":1225,"column":46}},"643":{"start":{"line":1227,"column":16},"end":{"line":1227,"column":48}},"644":{"start":{"line":1229,"column":16},"end":{"line":1229,"column":58}},"645":{"start":{"line":1231,"column":38},"end":{"line":1231,"column":43}},"646":{"start":{"line":1233,"column":16},"end":{"line":1233,"column":48}},"647":{"start":{"line":1235,"column":16},"end":{"line":1235,"column":66}},"648":{"start":{"line":1237,"column":16},"end":{"line":1237,"column":56}},"649":{"start":{"line":1239,"column":16},"end":{"line":1239,"column":58}},"650":{"start":{"line":1241,"column":16},"end":{"line":1241,"column":60}},"651":{"start":{"line":1243,"column":16},"end":{"line":1243,"column":53}},"652":{"start":{"line":1245,"column":16},"end":{"line":1245,"column":57}},"653":{"start":{"line":1248,"column":16},"end":{"line":1248,"column":50}},"654":{"start":{"line":1250,"column":16},"end":{"line":1250,"column":68}},"655":{"start":{"line":1252,"column":16},"end":{"line":1252,"column":58}},"656":{"start":{"line":1254,"column":16},"end":{"line":1254,"column":60}},"657":{"start":{"line":1256,"column":16},"end":{"line":1256,"column":62}},"658":{"start":{"line":1258,"column":16},"end":{"line":1258,"column":54}},"659":{"start":{"line":1260,"column":16},"end":{"line":1260,"column":58}},"660":{"start":{"line":1263,"column":40},"end":{"line":1263,"column":44}},"661":{"start":{"line":1265,"column":16},"end":{"line":1265,"column":55}},"662":{"start":{"line":1266,"column":16},"end":{"line":1266,"column":56}},"663":{"start":{"line":1268,"column":16},"end":{"line":1268,"column":48}},"664":{"start":{"line":1270,"column":16},"end":{"line":1270,"column":66}},"665":{"start":{"line":1272,"column":16},"end":{"line":1272,"column":56}},"666":{"start":{"line":1274,"column":16},"end":{"line":1274,"column":58}},"667":{"start":{"line":1276,"column":16},"end":{"line":1276,"column":60}},"668":{"start":{"line":1278,"column":16},"end":{"line":1278,"column":53}},"669":{"start":{"line":1280,"column":16},"end":{"line":1280,"column":57}},"670":{"start":{"line":1283,"column":16},"end":{"line":1283,"column":50}},"671":{"start":{"line":1285,"column":16},"end":{"line":1285,"column":68}},"672":{"start":{"line":1287,"column":16},"end":{"line":1287,"column":58}},"673":{"start":{"line":1289,"column":16},"end":{"line":1289,"column":60}},"674":{"start":{"line":1291,"column":16},"end":{"line":1291,"column":62}},"675":{"start":{"line":1293,"column":16},"end":{"line":1293,"column":54}},"676":{"start":{"line":1295,"column":16},"end":{"line":1295,"column":58}},"677":{"start":{"line":1299,"column":12},"end":{"line":1312,"column":14}},"678":{"start":{"line":1300,"column":37},"end":{"line":1300,"column":51}},"679":{"start":{"line":1302,"column":16},"end":{"line":1309,"column":17}},"680":{"start":{"line":1304,"column":33},"end":{"line":1304,"column":67}},"681":{"start":{"line":1307,"column":20},"end":{"line":1307,"column":63}},"682":{"start":{"line":1308,"column":20},"end":{"line":1308,"column":90}},"683":{"start":{"line":1314,"column":12},"end":{"line":1327,"column":14}},"684":{"start":{"line":1315,"column":37},"end":{"line":1315,"column":38}},"685":{"start":{"line":1317,"column":16},"end":{"line":1324,"column":17}},"686":{"start":{"line":1319,"column":33},"end":{"line":1319,"column":67}},"687":{"start":{"line":1322,"column":20},"end":{"line":1322,"column":59}},"688":{"start":{"line":1323,"column":20},"end":{"line":1323,"column":83}},"689":{"start":{"line":1328,"column":12},"end":{"line":1341,"column":14}},"690":{"start":{"line":1329,"column":37},"end":{"line":1329,"column":41}},"691":{"start":{"line":1331,"column":16},"end":{"line":1338,"column":17}},"692":{"start":{"line":1333,"column":33},"end":{"line":1333,"column":67}},"693":{"start":{"line":1336,"column":20},"end":{"line":1336,"column":59}},"694":{"start":{"line":1337,"column":20},"end":{"line":1337,"column":83}},"695":{"start":{"line":1342,"column":12},"end":{"line":1355,"column":14}},"696":{"start":{"line":1343,"column":37},"end":{"line":1343,"column":46}},"697":{"start":{"line":1345,"column":16},"end":{"line":1352,"column":17}},"698":{"start":{"line":1347,"column":33},"end":{"line":1347,"column":67}},"699":{"start":{"line":1350,"column":20},"end":{"line":1350,"column":59}},"700":{"start":{"line":1351,"column":20},"end":{"line":1351,"column":83}},"701":{"start":{"line":1356,"column":12},"end":{"line":1368,"column":14}},"702":{"start":{"line":1357,"column":37},"end":{"line":1357,"column":41}},"703":{"start":{"line":1359,"column":16},"end":{"line":1366,"column":17}},"704":{"start":{"line":1361,"column":33},"end":{"line":1361,"column":67}},"705":{"start":{"line":1364,"column":20},"end":{"line":1364,"column":59}},"706":{"start":{"line":1365,"column":20},"end":{"line":1365,"column":83}},"707":{"start":{"line":1377,"column":8},"end":{"line":1531,"column":10}},"708":{"start":{"line":1380,"column":12},"end":{"line":1407,"column":14}},"709":{"start":{"line":1381,"column":16},"end":{"line":1381,"column":98}},"710":{"start":{"line":1383,"column":16},"end":{"line":1383,"column":47}},"711":{"start":{"line":1385,"column":16},"end":{"line":1385,"column":46}},"712":{"start":{"line":1387,"column":16},"end":{"line":1387,"column":39}},"713":{"start":{"line":1389,"column":16},"end":{"line":1389,"column":60}},"714":{"start":{"line":1391,"column":16},"end":{"line":1391,"column":38}},"715":{"start":{"line":1393,"column":16},"end":{"line":1393,"column":41}},"716":{"start":{"line":1395,"column":16},"end":{"line":1395,"column":32}},"717":{"start":{"line":1397,"column":16},"end":{"line":1397,"column":31}},"718":{"start":{"line":1401,"column":16},"end":{"line":1401,"column":118}},"719":{"start":{"line":1404,"column":16},"end":{"line":1404,"column":33}},"720":{"start":{"line":1405,"column":16},"end":{"line":1405,"column":32}},"721":{"start":{"line":1406,"column":16},"end":{"line":1406,"column":60}},"722":{"start":{"line":1409,"column":12},"end":{"line":1417,"column":14}},"723":{"start":{"line":1410,"column":28},"end":{"line":1410,"column":66}},"724":{"start":{"line":1412,"column":16},"end":{"line":1412,"column":43}},"725":{"start":{"line":1414,"column":29},"end":{"line":1414,"column":45}},"726":{"start":{"line":1416,"column":16},"end":{"line":1416,"column":47}},"727":{"start":{"line":1419,"column":12},"end":{"line":1429,"column":14}},"728":{"start":{"line":1420,"column":35},"end":{"line":1420,"column":49}},"729":{"start":{"line":1421,"column":16},"end":{"line":1427,"column":17}},"730":{"start":{"line":1422,"column":28},"end":{"line":1422,"column":71}},"731":{"start":{"line":1424,"column":20},"end":{"line":1424,"column":63}},"732":{"start":{"line":1425,"column":20},"end":{"line":1425,"column":90}},"733":{"start":{"line":1430,"column":12},"end":{"line":1440,"column":15}},"734":{"start":{"line":1431,"column":36},"end":{"line":1431,"column":50}},"735":{"start":{"line":1432,"column":17},"end":{"line":1438,"column":18}},"736":{"start":{"line":1433,"column":29},"end":{"line":1433,"column":73}},"737":{"start":{"line":1435,"column":21},"end":{"line":1435,"column":64}},"738":{"start":{"line":1436,"column":21},"end":{"line":1436,"column":90}},"739":{"start":{"line":1441,"column":13},"end":{"line":1451,"column":15}},"740":{"start":{"line":1442,"column":36},"end":{"line":1442,"column":37}},"741":{"start":{"line":1443,"column":17},"end":{"line":1449,"column":18}},"742":{"start":{"line":1444,"column":29},"end":{"line":1444,"column":72}},"743":{"start":{"line":1446,"column":21},"end":{"line":1446,"column":60}},"744":{"start":{"line":1447,"column":21},"end":{"line":1447,"column":84}},"745":{"start":{"line":1452,"column":13},"end":{"line":1462,"column":15}},"746":{"start":{"line":1453,"column":36},"end":{"line":1453,"column":41}},"747":{"start":{"line":1454,"column":17},"end":{"line":1460,"column":18}},"748":{"start":{"line":1455,"column":29},"end":{"line":1455,"column":72}},"749":{"start":{"line":1457,"column":21},"end":{"line":1457,"column":60}},"750":{"start":{"line":1458,"column":21},"end":{"line":1458,"column":84}},"751":{"start":{"line":1463,"column":13},"end":{"line":1473,"column":15}},"752":{"start":{"line":1464,"column":36},"end":{"line":1464,"column":45}},"753":{"start":{"line":1465,"column":17},"end":{"line":1471,"column":18}},"754":{"start":{"line":1466,"column":29},"end":{"line":1466,"column":72}},"755":{"start":{"line":1468,"column":21},"end":{"line":1468,"column":60}},"756":{"start":{"line":1469,"column":21},"end":{"line":1469,"column":84}},"757":{"start":{"line":1474,"column":13},"end":{"line":1484,"column":15}},"758":{"start":{"line":1475,"column":36},"end":{"line":1475,"column":37}},"759":{"start":{"line":1476,"column":17},"end":{"line":1482,"column":18}},"760":{"start":{"line":1477,"column":29},"end":{"line":1477,"column":72}},"761":{"start":{"line":1479,"column":21},"end":{"line":1479,"column":60}},"762":{"start":{"line":1480,"column":21},"end":{"line":1480,"column":84}},"763":{"start":{"line":1486,"column":13},"end":{"line":1496,"column":15}},"764":{"start":{"line":1487,"column":36},"end":{"line":1487,"column":37}},"765":{"start":{"line":1488,"column":17},"end":{"line":1494,"column":18}},"766":{"start":{"line":1489,"column":29},"end":{"line":1489,"column":73}},"767":{"start":{"line":1491,"column":21},"end":{"line":1491,"column":60}},"768":{"start":{"line":1492,"column":21},"end":{"line":1492,"column":84}},"769":{"start":{"line":1497,"column":13},"end":{"line":1507,"column":15}},"770":{"start":{"line":1498,"column":36},"end":{"line":1498,"column":41}},"771":{"start":{"line":1499,"column":17},"end":{"line":1505,"column":18}},"772":{"start":{"line":1500,"column":29},"end":{"line":1500,"column":73}},"773":{"start":{"line":1502,"column":21},"end":{"line":1502,"column":60}},"774":{"start":{"line":1503,"column":21},"end":{"line":1503,"column":84}},"775":{"start":{"line":1508,"column":13},"end":{"line":1518,"column":15}},"776":{"start":{"line":1509,"column":36},"end":{"line":1509,"column":45}},"777":{"start":{"line":1510,"column":17},"end":{"line":1516,"column":18}},"778":{"start":{"line":1511,"column":29},"end":{"line":1511,"column":73}},"779":{"start":{"line":1513,"column":21},"end":{"line":1513,"column":60}},"780":{"start":{"line":1514,"column":21},"end":{"line":1514,"column":84}},"781":{"start":{"line":1519,"column":13},"end":{"line":1529,"column":15}},"782":{"start":{"line":1520,"column":36},"end":{"line":1520,"column":37}},"783":{"start":{"line":1521,"column":17},"end":{"line":1527,"column":18}},"784":{"start":{"line":1522,"column":29},"end":{"line":1522,"column":72}},"785":{"start":{"line":1524,"column":21},"end":{"line":1524,"column":60}},"786":{"start":{"line":1525,"column":21},"end":{"line":1525,"column":84}},"787":{"start":{"line":1533,"column":8},"end":{"line":1667,"column":10}},"788":{"start":{"line":1536,"column":12},"end":{"line":1578,"column":14}},"789":{"start":{"line":1537,"column":16},"end":{"line":1537,"column":98}},"790":{"start":{"line":1538,"column":16},"end":{"line":1538,"column":104}},"791":{"start":{"line":1540,"column":16},"end":{"line":1540,"column":47}},"792":{"start":{"line":1542,"column":16},"end":{"line":1542,"column":46}},"793":{"start":{"line":1544,"column":16},"end":{"line":1544,"column":39}},"794":{"start":{"line":1546,"column":16},"end":{"line":1546,"column":60}},"795":{"start":{"line":1548,"column":16},"end":{"line":1548,"column":38}},"796":{"start":{"line":1550,"column":16},"end":{"line":1550,"column":41}},"797":{"start":{"line":1552,"column":16},"end":{"line":1552,"column":32}},"798":{"start":{"line":1554,"column":16},"end":{"line":1554,"column":31}},"799":{"start":{"line":1557,"column":16},"end":{"line":1557,"column":49}},"800":{"start":{"line":1558,"column":16},"end":{"line":1558,"column":59}},"801":{"start":{"line":1559,"column":16},"end":{"line":1559,"column":62}},"802":{"start":{"line":1560,"column":16},"end":{"line":1560,"column":38}},"803":{"start":{"line":1561,"column":16},"end":{"line":1561,"column":32}},"804":{"start":{"line":1562,"column":16},"end":{"line":1562,"column":28}},"805":{"start":{"line":1563,"column":16},"end":{"line":1563,"column":37}},"806":{"start":{"line":1564,"column":16},"end":{"line":1564,"column":56}},"807":{"start":{"line":1570,"column":16},"end":{"line":1570,"column":141}},"808":{"start":{"line":1573,"column":16},"end":{"line":1573,"column":33}},"809":{"start":{"line":1574,"column":16},"end":{"line":1574,"column":32}},"810":{"start":{"line":1575,"column":16},"end":{"line":1575,"column":74}},"811":{"start":{"line":1580,"column":12},"end":{"line":1617,"column":14}},"812":{"start":{"line":1581,"column":31},"end":{"line":1581,"column":38}},"813":{"start":{"line":1582,"column":30},"end":{"line":1582,"column":36}},"814":{"start":{"line":1583,"column":16},"end":{"line":1583,"column":49}},"815":{"start":{"line":1584,"column":16},"end":{"line":1584,"column":59}},"816":{"start":{"line":1585,"column":16},"end":{"line":1585,"column":62}},"817":{"start":{"line":1586,"column":16},"end":{"line":1586,"column":38}},"818":{"start":{"line":1587,"column":16},"end":{"line":1587,"column":35}},"819":{"start":{"line":1588,"column":16},"end":{"line":1588,"column":31}},"820":{"start":{"line":1589,"column":16},"end":{"line":1589,"column":37}},"821":{"start":{"line":1590,"column":16},"end":{"line":1590,"column":55}},"822":{"start":{"line":1592,"column":28},"end":{"line":1592,"column":163}},"823":{"start":{"line":1594,"column":16},"end":{"line":1594,"column":43}},"824":{"start":{"line":1596,"column":29},"end":{"line":1596,"column":45}},"825":{"start":{"line":1598,"column":16},"end":{"line":1598,"column":47}},"826":{"start":{"line":1600,"column":31},"end":{"line":1600,"column":35}},"827":{"start":{"line":1602,"column":16},"end":{"line":1602,"column":47}},"828":{"start":{"line":1603,"column":16},"end":{"line":1603,"column":61}},"829":{"start":{"line":1604,"column":16},"end":{"line":1604,"column":55}},"830":{"start":{"line":1605,"column":16},"end":{"line":1605,"column":57}},"831":{"start":{"line":1606,"column":16},"end":{"line":1606,"column":65}},"832":{"start":{"line":1607,"column":16},"end":{"line":1607,"column":55}},"833":{"start":{"line":1609,"column":16},"end":{"line":1609,"column":52}},"834":{"start":{"line":1610,"column":16},"end":{"line":1610,"column":64}},"835":{"start":{"line":1611,"column":16},"end":{"line":1611,"column":68}},"836":{"start":{"line":1612,"column":16},"end":{"line":1612,"column":65}},"837":{"start":{"line":1613,"column":16},"end":{"line":1613,"column":71}},"838":{"start":{"line":1614,"column":16},"end":{"line":1614,"column":59}},"839":{"start":{"line":1615,"column":16},"end":{"line":1615,"column":54}},"840":{"start":{"line":1619,"column":12},"end":{"line":1641,"column":15}},"841":{"start":{"line":1620,"column":31},"end":{"line":1620,"column":38}},"842":{"start":{"line":1621,"column":30},"end":{"line":1621,"column":44}},"843":{"start":{"line":1622,"column":16},"end":{"line":1622,"column":49}},"844":{"start":{"line":1623,"column":16},"end":{"line":1623,"column":59}},"845":{"start":{"line":1624,"column":16},"end":{"line":1624,"column":62}},"846":{"start":{"line":1625,"column":16},"end":{"line":1625,"column":38}},"847":{"start":{"line":1626,"column":16},"end":{"line":1626,"column":35}},"848":{"start":{"line":1627,"column":16},"end":{"line":1627,"column":31}},"849":{"start":{"line":1628,"column":16},"end":{"line":1628,"column":37}},"850":{"start":{"line":1629,"column":16},"end":{"line":1629,"column":55}},"851":{"start":{"line":1632,"column":16},"end":{"line":1639,"column":18}},"852":{"start":{"line":1633,"column":32},"end":{"line":1633,"column":167}},"853":{"start":{"line":1636,"column":21},"end":{"line":1636,"column":64}},"854":{"start":{"line":1637,"column":21},"end":{"line":1637,"column":83}},"855":{"start":{"line":1643,"column":13},"end":{"line":1666,"column":15}},"856":{"start":{"line":1644,"column":31},"end":{"line":1644,"column":45}},"857":{"start":{"line":1645,"column":30},"end":{"line":1645,"column":36}},"858":{"start":{"line":1646,"column":16},"end":{"line":1646,"column":49}},"859":{"start":{"line":1647,"column":16},"end":{"line":1647,"column":59}},"860":{"start":{"line":1648,"column":16},"end":{"line":1648,"column":62}},"861":{"start":{"line":1649,"column":16},"end":{"line":1649,"column":38}},"862":{"start":{"line":1650,"column":16},"end":{"line":1650,"column":35}},"863":{"start":{"line":1651,"column":16},"end":{"line":1651,"column":31}},"864":{"start":{"line":1652,"column":16},"end":{"line":1652,"column":37}},"865":{"start":{"line":1653,"column":16},"end":{"line":1653,"column":55}},"866":{"start":{"line":1656,"column":16},"end":{"line":1664,"column":18}},"867":{"start":{"line":1658,"column":32},"end":{"line":1658,"column":167}},"868":{"start":{"line":1661,"column":21},"end":{"line":1661,"column":64}},"869":{"start":{"line":1662,"column":21},"end":{"line":1662,"column":85}},"870":{"start":{"line":1669,"column":8},"end":{"line":1932,"column":10}},"871":{"start":{"line":1672,"column":12},"end":{"line":1700,"column":14}},"872":{"start":{"line":1673,"column":16},"end":{"line":1673,"column":98}},"873":{"start":{"line":1674,"column":16},"end":{"line":1674,"column":104}},"874":{"start":{"line":1676,"column":16},"end":{"line":1676,"column":47}},"875":{"start":{"line":1678,"column":16},"end":{"line":1678,"column":46}},"876":{"start":{"line":1680,"column":16},"end":{"line":1680,"column":39}},"877":{"start":{"line":1682,"column":16},"end":{"line":1682,"column":60}},"878":{"start":{"line":1684,"column":16},"end":{"line":1684,"column":38}},"879":{"start":{"line":1686,"column":16},"end":{"line":1686,"column":41}},"880":{"start":{"line":1688,"column":16},"end":{"line":1688,"column":32}},"881":{"start":{"line":1690,"column":16},"end":{"line":1690,"column":31}},"882":{"start":{"line":1692,"column":16},"end":{"line":1692,"column":118}},"883":{"start":{"line":1695,"column":16},"end":{"line":1695,"column":33}},"884":{"start":{"line":1696,"column":16},"end":{"line":1696,"column":32}},"885":{"start":{"line":1697,"column":16},"end":{"line":1697,"column":74}},"886":{"start":{"line":1703,"column":12},"end":{"line":1715,"column":14}},"887":{"start":{"line":1704,"column":28},"end":{"line":1704,"column":68}},"888":{"start":{"line":1706,"column":16},"end":{"line":1706,"column":43}},"889":{"start":{"line":1708,"column":29},"end":{"line":1708,"column":45}},"890":{"start":{"line":1710,"column":16},"end":{"line":1710,"column":47}},"891":{"start":{"line":1712,"column":31},"end":{"line":1712,"column":35}},"892":{"start":{"line":1714,"column":16},"end":{"line":1714,"column":73}},"893":{"start":{"line":1717,"column":12},"end":{"line":1733,"column":15}},"894":{"start":{"line":1719,"column":30},"end":{"line":1719,"column":44}},"895":{"start":{"line":1723,"column":16},"end":{"line":1731,"column":18}},"896":{"start":{"line":1724,"column":20},"end":{"line":1724,"column":28}},"897":{"start":{"line":1725,"column":32},"end":{"line":1725,"column":71}},"898":{"start":{"line":1728,"column":21},"end":{"line":1728,"column":64}},"899":{"start":{"line":1729,"column":21},"end":{"line":1729,"column":83}},"900":{"start":{"line":1735,"column":13},"end":{"line":1750,"column":15}},"901":{"start":{"line":1736,"column":31},"end":{"line":1736,"column":45}},"902":{"start":{"line":1737,"column":30},"end":{"line":1737,"column":36}},"903":{"start":{"line":1741,"column":16},"end":{"line":1748,"column":18}},"904":{"start":{"line":1742,"column":32},"end":{"line":1742,"column":69}},"905":{"start":{"line":1745,"column":21},"end":{"line":1745,"column":64}},"906":{"start":{"line":1746,"column":21},"end":{"line":1746,"column":85}},"907":{"start":{"line":1752,"column":12},"end":{"line":1930,"column":14}},"908":{"start":{"line":1754,"column":16},"end":{"line":1767,"column":18}},"909":{"start":{"line":1755,"column":32},"end":{"line":1755,"column":72}},"910":{"start":{"line":1757,"column":20},"end":{"line":1757,"column":47}},"911":{"start":{"line":1759,"column":33},"end":{"line":1759,"column":49}},"912":{"start":{"line":1761,"column":20},"end":{"line":1761,"column":51}},"913":{"start":{"line":1763,"column":35},"end":{"line":1763,"column":39}},"914":{"start":{"line":1765,"column":20},"end":{"line":1765,"column":77}},"915":{"start":{"line":1771,"column":16},"end":{"line":1785,"column":18}},"916":{"start":{"line":1773,"column":32},"end":{"line":1773,"column":76}},"917":{"start":{"line":1775,"column":20},"end":{"line":1775,"column":40}},"918":{"start":{"line":1777,"column":20},"end":{"line":1777,"column":56}},"919":{"start":{"line":1778,"column":20},"end":{"line":1778,"column":68}},"920":{"start":{"line":1788,"column":16},"end":{"line":1801,"column":18}},"921":{"start":{"line":1789,"column":41},"end":{"line":1789,"column":55}},"922":{"start":{"line":1791,"column":20},"end":{"line":1798,"column":21}},"923":{"start":{"line":1793,"column":37},"end":{"line":1793,"column":86}},"924":{"start":{"line":1796,"column":24},"end":{"line":1796,"column":67}},"925":{"start":{"line":1797,"column":24},"end":{"line":1797,"column":94}},"926":{"start":{"line":1802,"column":16},"end":{"line":1816,"column":18}},"927":{"start":{"line":1803,"column":41},"end":{"line":1803,"column":55}},"928":{"start":{"line":1805,"column":20},"end":{"line":1812,"column":21}},"929":{"start":{"line":1807,"column":37},"end":{"line":1807,"column":87}},"930":{"start":{"line":1810,"column":24},"end":{"line":1810,"column":67}},"931":{"start":{"line":1811,"column":24},"end":{"line":1811,"column":93}},"932":{"start":{"line":1818,"column":16},"end":{"line":1831,"column":18}},"933":{"start":{"line":1819,"column":41},"end":{"line":1819,"column":42}},"934":{"start":{"line":1821,"column":20},"end":{"line":1828,"column":21}},"935":{"start":{"line":1823,"column":37},"end":{"line":1823,"column":86}},"936":{"start":{"line":1826,"column":24},"end":{"line":1826,"column":63}},"937":{"start":{"line":1827,"column":24},"end":{"line":1827,"column":87}},"938":{"start":{"line":1833,"column":16},"end":{"line":1846,"column":18}},"939":{"start":{"line":1834,"column":41},"end":{"line":1834,"column":46}},"940":{"start":{"line":1836,"column":20},"end":{"line":1843,"column":21}},"941":{"start":{"line":1838,"column":37},"end":{"line":1838,"column":86}},"942":{"start":{"line":1841,"column":24},"end":{"line":1841,"column":63}},"943":{"start":{"line":1842,"column":24},"end":{"line":1842,"column":87}},"944":{"start":{"line":1847,"column":16},"end":{"line":1860,"column":18}},"945":{"start":{"line":1848,"column":41},"end":{"line":1848,"column":50}},"946":{"start":{"line":1850,"column":20},"end":{"line":1857,"column":21}},"947":{"start":{"line":1852,"column":37},"end":{"line":1852,"column":86}},"948":{"start":{"line":1855,"column":24},"end":{"line":1855,"column":63}},"949":{"start":{"line":1856,"column":24},"end":{"line":1856,"column":87}},"950":{"start":{"line":1861,"column":16},"end":{"line":1874,"column":18}},"951":{"start":{"line":1862,"column":41},"end":{"line":1862,"column":45}},"952":{"start":{"line":1864,"column":20},"end":{"line":1871,"column":21}},"953":{"start":{"line":1866,"column":37},"end":{"line":1866,"column":86}},"954":{"start":{"line":1869,"column":24},"end":{"line":1869,"column":63}},"955":{"start":{"line":1870,"column":24},"end":{"line":1870,"column":87}},"956":{"start":{"line":1875,"column":16},"end":{"line":1888,"column":18}},"957":{"start":{"line":1876,"column":41},"end":{"line":1876,"column":42}},"958":{"start":{"line":1878,"column":20},"end":{"line":1885,"column":21}},"959":{"start":{"line":1880,"column":37},"end":{"line":1880,"column":87}},"960":{"start":{"line":1883,"column":24},"end":{"line":1883,"column":63}},"961":{"start":{"line":1884,"column":24},"end":{"line":1884,"column":87}},"962":{"start":{"line":1889,"column":16},"end":{"line":1901,"column":18}},"963":{"start":{"line":1890,"column":41},"end":{"line":1890,"column":45}},"964":{"start":{"line":1892,"column":20},"end":{"line":1899,"column":21}},"965":{"start":{"line":1894,"column":37},"end":{"line":1894,"column":87}},"966":{"start":{"line":1897,"column":24},"end":{"line":1897,"column":63}},"967":{"start":{"line":1898,"column":24},"end":{"line":1898,"column":87}},"968":{"start":{"line":1902,"column":16},"end":{"line":1914,"column":18}},"969":{"start":{"line":1903,"column":41},"end":{"line":1903,"column":50}},"970":{"start":{"line":1905,"column":20},"end":{"line":1912,"column":21}},"971":{"start":{"line":1907,"column":37},"end":{"line":1907,"column":87}},"972":{"start":{"line":1910,"column":24},"end":{"line":1910,"column":63}},"973":{"start":{"line":1911,"column":24},"end":{"line":1911,"column":87}},"974":{"start":{"line":1915,"column":16},"end":{"line":1927,"column":18}},"975":{"start":{"line":1916,"column":41},"end":{"line":1916,"column":45}},"976":{"start":{"line":1918,"column":20},"end":{"line":1925,"column":21}},"977":{"start":{"line":1920,"column":37},"end":{"line":1920,"column":87}},"978":{"start":{"line":1923,"column":24},"end":{"line":1923,"column":63}},"979":{"start":{"line":1924,"column":24},"end":{"line":1924,"column":87}},"980":{"start":{"line":1934,"column":8},"end":{"line":2057,"column":10}},"981":{"start":{"line":1937,"column":12},"end":{"line":1963,"column":14}},"982":{"start":{"line":1938,"column":16},"end":{"line":1938,"column":98}},"983":{"start":{"line":1939,"column":16},"end":{"line":1939,"column":104}},"984":{"start":{"line":1941,"column":16},"end":{"line":1941,"column":47}},"985":{"start":{"line":1943,"column":16},"end":{"line":1943,"column":46}},"986":{"start":{"line":1945,"column":16},"end":{"line":1945,"column":39}},"987":{"start":{"line":1947,"column":16},"end":{"line":1947,"column":60}},"988":{"start":{"line":1949,"column":16},"end":{"line":1949,"column":38}},"989":{"start":{"line":1951,"column":16},"end":{"line":1951,"column":41}},"990":{"start":{"line":1953,"column":16},"end":{"line":1953,"column":32}},"991":{"start":{"line":1955,"column":16},"end":{"line":1955,"column":31}},"992":{"start":{"line":1957,"column":16},"end":{"line":1957,"column":118}},"993":{"start":{"line":1960,"column":16},"end":{"line":1960,"column":33}},"994":{"start":{"line":1961,"column":16},"end":{"line":1961,"column":32}},"995":{"start":{"line":1962,"column":16},"end":{"line":1962,"column":74}},"996":{"start":{"line":1965,"column":12},"end":{"line":2056,"column":14}},"997":{"start":{"line":1967,"column":16},"end":{"line":1980,"column":18}},"998":{"start":{"line":1969,"column":32},"end":{"line":1969,"column":72}},"999":{"start":{"line":1971,"column":20},"end":{"line":1971,"column":47}},"1000":{"start":{"line":1973,"column":33},"end":{"line":1973,"column":49}},"1001":{"start":{"line":1975,"column":20},"end":{"line":1975,"column":51}},"1002":{"start":{"line":1977,"column":35},"end":{"line":1977,"column":39}},"1003":{"start":{"line":1979,"column":20},"end":{"line":1979,"column":77}},"1004":{"start":{"line":1984,"column":16},"end":{"line":1998,"column":18}},"1005":{"start":{"line":1985,"column":32},"end":{"line":1985,"column":80}},"1006":{"start":{"line":1987,"column":20},"end":{"line":1987,"column":47}},"1007":{"start":{"line":1989,"column":33},"end":{"line":1989,"column":49}},"1008":{"start":{"line":1991,"column":20},"end":{"line":1991,"column":51}},"1009":{"start":{"line":1993,"column":35},"end":{"line":1993,"column":39}},"1010":{"start":{"line":1995,"column":20},"end":{"line":1995,"column":52}},"1011":{"start":{"line":1996,"column":20},"end":{"line":1996,"column":66}},"1012":{"start":{"line":1997,"column":20},"end":{"line":1997,"column":73}},"1013":{"start":{"line":2000,"column":16},"end":{"line":2016,"column":19}},"1014":{"start":{"line":2002,"column":34},"end":{"line":2002,"column":48}},"1015":{"start":{"line":2006,"column":20},"end":{"line":2014,"column":22}},"1016":{"start":{"line":2007,"column":24},"end":{"line":2007,"column":32}},"1017":{"start":{"line":2008,"column":36},"end":{"line":2008,"column":83}},"1018":{"start":{"line":2011,"column":25},"end":{"line":2011,"column":68}},"1019":{"start":{"line":2012,"column":25},"end":{"line":2012,"column":87}},"1020":{"start":{"line":2018,"column":17},"end":{"line":2035,"column":19}},"1021":{"start":{"line":2019,"column":35},"end":{"line":2019,"column":49}},"1022":{"start":{"line":2020,"column":34},"end":{"line":2020,"column":40}},"1023":{"start":{"line":2024,"column":20},"end":{"line":2033,"column":22}},"1024":{"start":{"line":2026,"column":36},"end":{"line":2026,"column":82}},"1025":{"start":{"line":2030,"column":25},"end":{"line":2030,"column":68}},"1026":{"start":{"line":2031,"column":25},"end":{"line":2031,"column":89}},"1027":{"start":{"line":2036,"column":17},"end":{"line":2053,"column":19}},"1028":{"start":{"line":2037,"column":35},"end":{"line":2037,"column":49}},"1029":{"start":{"line":2038,"column":34},"end":{"line":2038,"column":40}},"1030":{"start":{"line":2042,"column":20},"end":{"line":2051,"column":22}},"1031":{"start":{"line":2044,"column":36},"end":{"line":2044,"column":81}},"1032":{"start":{"line":2048,"column":25},"end":{"line":2048,"column":68}},"1033":{"start":{"line":2049,"column":25},"end":{"line":2049,"column":89}},"1034":{"start":{"line":2061,"column":4},"end":{"line":2061,"column":38}},"1035":{"start":{"line":2061,"column":20},"end":{"line":2061,"column":37}},"1036":{"start":{"line":2062,"column":4},"end":{"line":2062,"column":37}},"1037":{"start":{"line":2062,"column":20},"end":{"line":2062,"column":36}},"1038":{"start":{"line":2064,"column":4},"end":{"line":2064,"column":38}},"1039":{"start":{"line":2064,"column":16},"end":{"line":2064,"column":37}}},"fnMap":{"0":{"name":"(anonymous_0)","decl":{"start":{"line":25,"column":18},"end":{"line":25,"column":19}},"loc":{"start":{"line":25,"column":24},"end":{"line":2065,"column":1}},"line":25},"1":{"name":"(anonymous_1)","decl":{"start":{"line":26,"column":11},"end":{"line":26,"column":12}},"loc":{"start":{"line":26,"column":17},"end":{"line":26,"column":93}},"line":26},"2":{"name":"(anonymous_2)","decl":{"start":{"line":28,"column":15},"end":{"line":28,"column":16}},"loc":{"start":{"line":28,"column":21},"end":{"line":28,"column":38}},"line":28},"3":{"name":"(anonymous_3)","decl":{"start":{"line":29,"column":15},"end":{"line":29,"column":16}},"loc":{"start":{"line":29,"column":21},"end":{"line":29,"column":37}},"line":29},"4":{"name":"(anonymous_4)","decl":{"start":{"line":32,"column":21},"end":{"line":32,"column":22}},"loc":{"start":{"line":32,"column":27},"end":{"line":402,"column":5}},"line":32},"5":{"name":"(anonymous_5)","decl":{"start":{"line":33,"column":29},"end":{"line":33,"column":30}},"loc":{"start":{"line":33,"column":35},"end":{"line":118,"column":9}},"line":33},"6":{"name":"(anonymous_6)","decl":{"start":{"line":36,"column":23},"end":{"line":36,"column":24}},"loc":{"start":{"line":36,"column":29},"end":{"line":41,"column":13}},"line":36},"7":{"name":"(anonymous_7)","decl":{"start":{"line":43,"column":49},"end":{"line":43,"column":50}},"loc":{"start":{"line":43,"column":61},"end":{"line":59,"column":13}},"line":43},"8":{"name":"(anonymous_8)","decl":{"start":{"line":63,"column":48},"end":{"line":63,"column":49}},"loc":{"start":{"line":63,"column":54},"end":{"line":65,"column":13}},"line":63},"9":{"name":"(anonymous_9)","decl":{"start":{"line":64,"column":23},"end":{"line":64,"column":24}},"loc":{"start":{"line":64,"column":29},"end":{"line":64,"column":87}},"line":64},"10":{"name":"(anonymous_10)","decl":{"start":{"line":67,"column":44},"end":{"line":67,"column":45}},"loc":{"start":{"line":67,"column":50},"end":{"line":69,"column":13}},"line":67},"11":{"name":"(anonymous_11)","decl":{"start":{"line":68,"column":23},"end":{"line":68,"column":24}},"loc":{"start":{"line":68,"column":29},"end":{"line":68,"column":80}},"line":68},"12":{"name":"(anonymous_12)","decl":{"start":{"line":71,"column":44},"end":{"line":71,"column":45}},"loc":{"start":{"line":71,"column":50},"end":{"line":73,"column":13}},"line":71},"13":{"name":"(anonymous_13)","decl":{"start":{"line":72,"column":23},"end":{"line":72,"column":24}},"loc":{"start":{"line":72,"column":29},"end":{"line":72,"column":87}},"line":72},"14":{"name":"(anonymous_14)","decl":{"start":{"line":76,"column":51},"end":{"line":76,"column":52}},"loc":{"start":{"line":76,"column":57},"end":{"line":78,"column":13}},"line":76},"15":{"name":"(anonymous_15)","decl":{"start":{"line":77,"column":23},"end":{"line":77,"column":24}},"loc":{"start":{"line":77,"column":29},"end":{"line":77,"column":84}},"line":77},"16":{"name":"(anonymous_16)","decl":{"start":{"line":80,"column":47},"end":{"line":80,"column":48}},"loc":{"start":{"line":80,"column":53},"end":{"line":82,"column":13}},"line":80},"17":{"name":"(anonymous_17)","decl":{"start":{"line":81,"column":23},"end":{"line":81,"column":24}},"loc":{"start":{"line":81,"column":29},"end":{"line":81,"column":77}},"line":81},"18":{"name":"(anonymous_18)","decl":{"start":{"line":84,"column":47},"end":{"line":84,"column":48}},"loc":{"start":{"line":84,"column":53},"end":{"line":86,"column":13}},"line":84},"19":{"name":"(anonymous_19)","decl":{"start":{"line":85,"column":23},"end":{"line":85,"column":24}},"loc":{"start":{"line":85,"column":29},"end":{"line":85,"column":84}},"line":85},"20":{"name":"(anonymous_20)","decl":{"start":{"line":89,"column":52},"end":{"line":89,"column":53}},"loc":{"start":{"line":89,"column":58},"end":{"line":91,"column":13}},"line":89},"21":{"name":"(anonymous_21)","decl":{"start":{"line":90,"column":23},"end":{"line":90,"column":24}},"loc":{"start":{"line":90,"colum
[...]
n":38},"end":{"line":416,"column":48}}],"line":416},"40":{"loc":{"start":{"line":418,"column":26},"end":{"line":418,"column":51}},"type":"binary-expr","locations":[{"start":{"line":418,"column":26},"end":{"line":418,"column":36}},{"start":{"line":418,"column":40},"end":{"line":418,"column":51}}],"line":418},"41":{"loc":{"start":{"line":420,"column":27},"end":{"line":420,"column":54}},"type":"binary-expr","locations":[{"start":{"line":420,"column":27},"end":{"line":420,"column":38}},{"start":{"line":420,"column":42},"end":{"line":420,"column":54}}],"line":420},"42":{"loc":{"start":{"line":422,"column":25},"end":{"line":422,"column":48}},"type":"binary-expr","locations":[{"start":{"line":422,"column":25},"end":{"line":422,"column":34}},{"start":{"line":422,"column":38},"end":{"line":422,"column":48}}],"line":422},"43":{"loc":{"start":{"line":424,"column":29},"end":{"line":424,"column":57}},"type":"binary-expr","locations":[{"start":{"line":424,"column":29},"end":{"line":424,"column":39}},{"start":{"line":424,"column":43},"end":{"line":424,"column":57}}],"line":424},"44":{"loc":{"start":{"line":426,"column":23},"end":{"line":426,"column":42}},"type":"binary-expr","locations":[{"start":{"line":426,"column":23},"end":{"line":426,"column":30}},{"start":{"line":426,"column":34},"end":{"line":426,"column":42}}],"line":426},"45":{"loc":{"start":{"line":428,"column":24},"end":{"line":428,"column":45}},"type":"binary-expr","locations":[{"start":{"line":428,"column":24},"end":{"line":428,"column":32}},{"start":{"line":428,"column":36},"end":{"line":428,"column":45}}],"line":428},"46":{"loc":{"start":{"line":445,"column":12},"end":{"line":445,"column":90}},"type":"if","locations":[{"start":{"line":445,"column":12},"end":{"line":445,"column":90}},{"start":{"line":445,"column":12},"end":{"line":445,"column":90}}],"line":445},"47":{"loc":{"start":{"line":449,"column":12},"end":{"line":449,"column":79}},"type":"if","locations":[{"start":{"line":449,"column":12},"end":{"line":449,"column":79}},{"start":{"line":449,"column":12},"end":{"line":449,"column":79}}],"line":449},"48":{"loc":{"start":{"line":451,"column":12},"end":{"line":451,"column":110}},"type":"if","locations":[{"start":{"line":451,"column":12},"end":{"line":451,"column":110}},{"start":{"line":451,"column":12},"end":{"line":451,"column":110}}],"line":451},"49":{"loc":{"start":{"line":454,"column":16},"end":{"line":454,"column":154}},"type":"if","locations":[{"start":{"line":454,"column":16},"end":{"line":454,"column":154}},{"start":{"line":454,"column":16},"end":{"line":454,"column":154}}],"line":454},"50":{"loc":{"start":{"line":474,"column":12},"end":{"line":474,"column":87}},"type":"if","locations":[{"start":{"line":474,"column":12},"end":{"line":474,"column":87}},{"start":{"line":474,"column":12},"end":{"line":474,"column":87}}],"line":474},"51":{"loc":{"start":{"line":478,"column":12},"end":{"line":478,"column":79}},"type":"if","locations":[{"start":{"line":478,"column":12},"end":{"line":478,"column":79}},{"start":{"line":478,"column":12},"end":{"line":478,"column":79}}],"line":478},"52":{"loc":{"start":{"line":497,"column":12},"end":{"line":497,"column":87}},"type":"if","locations":[{"start":{"line":497,"column":12},"end":{"line":497,"column":87}},{"start":{"line":497,"column":12},"end":{"line":497,"column":87}}],"line":497},"53":{"loc":{"start":{"line":501,"column":12},"end":{"line":501,"column":79}},"type":"if","locations":[{"start":{"line":501,"column":12},"end":{"line":501,"column":79}},{"start":{"line":501,"column":12},"end":{"line":501,"column":79}}],"line":501}},"s":{"0":1,"1":1,"2":1,"3":1,"4":1,"5":1,"6":1,"7":2,"8":2,"9":0,"10":2,"11":2,"12":2,"13":0,"14":2,"15":13,"16":1,"17":1,"18":1,"19":0,"20":1,"21":1,"22":9,"23":3,"24":3,"25":3,"26":2,"27":1,"28":5,"29":2,"30":2,"31":2,"32":1,"33":1,"34":1,"35":0,"36":1,"37":1,"38":7,"39":6,"40":6,"41":6,"42":1,"43":1,"44":1,"45":0,"46":5,"47":1,"48":4,"49":2,"50":2,"51":1,"52":1,"53":1,"54":1,"55":1,"56":1,"57":2,"58":2,"59":2,"60":2,"61":2,"62":2,"63":2,"64":2,"65":0,"66":2,"67":2,"68":0,"69":2,"70":2,"71":2,"72":11,"73":11,"74":2,"75":2,"76":2,"77":1,"78":1,"79":1,"80":0,"81":1,"82":1,"83":11,"84":3,"85":3,"86":3,"87":1,"88":1,"89":1,"90":0,"91":2,"92":0,"93":2,"94":2,"95":1,"96":1,"97":1,"98":0,"99":1,"100":1,"101":1,"102":1,"103":0,"104":1,"105":1,"106":0,"107":1,"108":6,"109":2,"110":2,"111":2,"112":0,"113":0,"114":0,"115":0,"116":2,"117":1,"118":1,"119":1,"120":2,"121":2,"122":2,"123":2,"124":0,"125":2,"126":1,"127":2,"128":2,"129":2,"130":2,"131":2,"132":2,"133":2,"134":0,"135":2,"136":2,"137":11,"138":3,"139":3,"140":3,"141":0,"142":0,"143":0,"144":3,"145":1,"146":2,"147":2,"148":1,"149":1,"150":1,"151":1,"152":1,"153":11,"154":3,"155":3,"156":3,"157":0,"158":0,"159":0,"160":3,"161":1,"162":2,"163":2,"164":1,"165":1,"166":3,"167":3,"168":3,"169":3,"170":9,"171":0,"172":3,"173":3,"174":3,"175":1,"176":2,"177":2,"178":1,"179":1,"180":1,"181":1,"182":1,"183":1,"184":1,"185":1,"186":1,"187":1,"188":31,"189":31,"190":31,"191":31,"192":1,"193":30,"194":30,"195":1,"196":29,"197":0,"198":29,"199":0,"200":0,"201":29,"202":29,"203":17,"204":17,"205":17,"206":17,"207":1,"208":16,"209":16,"210":1,"211":15,"212":15,"213":13,"214":4,"215":4,"216":4,"217":1,"218":3,"219":3,"220":2,"221":1,"222":1,"223":1,"224":1},"f":{"0":2,"1":2,"2":2,"3":2,"4":13,"5":1,"6":9,"7":3,"8":5,"9":2,"10":7,"11":6,"12":2,"13":2,"14":11,"15":2,"16":11,"17":3,"18":0,"19":6,"20":2,"21":2,"22":2,"23":2,"24":2,"25":11,"26":3,"27":1,"28":1,"29":11,"30":3,"31":3,"32":9,"33":3,"34":31,"35":31,"36":0,"37":17,"38":17,"39":13,"40":4},"b":{"0":[0,2],"1":[0,2],"2":[0,1],"3":[2,1],"4":[3,2],"5":[1,0],"6":[1,0],"7":[1,4],"8":[2,2],"9":[1,1],"10":[1,1],"11":[1,1],"12":[1,1],"13":[2,1],"14":[2,1],"15":[2,0],"16":[0,2],"17":[0,2],"18":[1,0],"19":[1,0],"20":[0,2],"21":[1,0],"22":[0,1],"23":[1,0],"24":[0,0],"25":[1,1],"26":[0,2],"27":[0,2],"28":[0,0],"29":[1,2],"30":[1,1],"31":[0,0],"32":[1,2],"33":[1,1],"34":[3,0],"35":[0,9],"36":[1,2],"37":[1,1],"38":[1,0],"39":[1,0],"40":[1,0],"41":[1,0],"42":[1,0],"43":[1,0],"44":[1,0],"45":[1,1],"46":[1,30],"47":[1,29],"48":[0,29],"49":[0,0],"50":[1,16],"51":[1,15],"52":[1,3],"53":[2,1]},"_coverageSchema":"43e27e138ebf9cfc5966b082cf9a028302ed4184","hash":"6f476906f773b3fe575b5fd1f1d84a81496a8fe2","contentHash":"236d9ef132789d3813fa393c6c15991a"},"C:\\Users\\henry\\Desktop\\bootcamp\\collab\\skylab-bootcamp-201809\\staff\\henry-novoa\\handyman-project\\handyman-api\\errors\\index.js":{"path":"C:\\Users\\henry\\Desktop\\bootcamp\\collab\\skylab-bootcamp-201809\\staff\\henry-novoa\\handyman-project\\handyman-api\\errors\\index.js","statementMap":{"0":{"start":{"line":1,"column":27},"end":{"line":1,"column":60}},"1":{"start":{"line":2,"column":18},"end":{"line":2,"column":41}},"2":{"start":{"line":3,"column":24},"end":{"line":3,"column":54}},"3":{"start":{"line":4,"column":22},"end":{"line":4,"column":50}},"4":{"start":{"line":5,"column":19},"end":{"line":5,"column":43}},"5":{"start":{"line":7,"column":0},"end":{"line":13,"column":1}}},"fnMap":{},"branchMap":{},"s":{"0":1,"1":1,"2":1,"3":1,"4":1,"5":1},"f":{},"b":{},"_coverageSchema":"43e27e138ebf9cfc5966b082cf9a028302ed4184","hash":"df6847836471d72910d75aa1ca5e486f38a8e3ed","contentHash":"5cb976dd7c189879cdffac9019717b3d"},"C:\\Users\\henry\\Desktop\\bootcamp\\collab\\skylab-bootcamp-201809\\staff\\henry-novoa\\handyman-project\\handyman-api\\errors\\already-exists-error.js":{"path":"C:\\Users\\henry\\Desktop\\bootcamp\\collab\\skylab-bootcamp-201809\\staff\\henry-novoa\\handyman-project\\handyman-api\\errors\\already-exists-error.js","statementMap":{"0":{"start":{"line":3,"column":8},"end":{"line":3,"column":15}},"1":{"start":{"line":5,"column":8},"end":{"line":5,"column":55}},"2":{"start":{"line":7,"column":8},"end":{"line":7,"column":40}},"3":{"start":{"line":8,"column":8},"end":{"line":8,"column":30}},"4":{"start":{"line":10,"column":8},"end":{"line":10,"column":37}},"5":{"start":{"line":10,"column":19},"end":{"line":10,"column":37}},"6":{"start":{"line":14,"column":0},"end":{"line":14,"column":35}}},"fnMap":{"0":{"name":"(anonymous_0)","decl":{"start":{"line":2,"column":4},"end":{"line":2,"column":5}},"loc":{"start":{"line":2,"column":32},"end":{"line":11,"column":5}},"line":2}},"branchMap":{"0":{"loc":{"start":{"line":10,"column":8},"end":{"line":10,"column":37}},"type":"if","locations":[{"start":{"line":10,"column":8},"end":{"line":10,"column":37}},{"start":{"line":10,"column":8},"end":{"line":10,"column":37}}],"line":10}},"s":{"0":1,"1":1,"2":1,"3":1,"4":1,"5":0,"6":1},"f":{"0":1},"b":{"0":[0,1]},"_coverageSchema":"43e27e138ebf9cfc5966b082cf9a028302ed4184","hash":"ec17ec8076fb9e7b8445c8b0bdff162c6f2aa5de","contentHash":"64d60737bc04c5c65a351372b1a1d6c4"},"C:\\Users\\henry\\Desktop\\bootcamp\\collab\\skylab-bootcamp-201809\\staff\\henry-novoa\\handyman-project\\handyman-api\\errors\\auth-error.js":{"path":"C:\\Users\\henry\\Desktop\\bootcamp\\collab\\skylab-bootcamp-201809\\staff\\henry-novoa\\handyman-project\\handyman-api\\errors\\auth-error.js","statementMap":{"0":{"start":{"line":3,"column":8},"end":{"line":3,"column":15}},"1":{"start":{"line":5,"column":8},"end":{"line":5,"column":55}},"2":{"start":{"line":7,"column":8},"end":{"line":7,"column":31}},"3":{"start":{"line":8,"column":8},"end":{"line":8,"column":30}},"4":{"start":{"line":10,"column":8},"end":{"line":10,"column":37}},"5":{"start":{"line":10,"column":19},"end":{"line":10,"column":37}},"6":{"start":{"line":14,"column":0},"end":{"line":14,"column":26}}},"fnMap":{"0":{"name":"(anonymous_0)","decl":{"start":{"line":2,"column":4},"end":{"line":2,"column":5}},"loc":{"start":{"line":2,"column":32},"end":{"line":11,"column":5}},"line":2}},"branchMap":{"0":{"loc":{"start":{"line":10,"column":8},"end":{"line":10,"column":37}},"type":"if","locations":[{"start":{"line":10,"column":8},"end":{"line":10,"column":37}},{"start":{"line":10,"column":8},"end":{"line":10,"column":37}}],"line":10}},"s":{"0":3,"1":3,"2":3,"3":3,"4":3,"5":0,"6":1},"f":{"0":3},"b":{"0":[0,3]},"_coverageSchema":"43e27e138ebf9cfc5966b082cf9a028302ed4184","hash":"b2e4fefaca5d4aa0fcbf1710dcebe5f8033471af","contentHash":"ac13eb1f6929262bd598133d361d0c9f"},"C:\\Users\\henry\\Desktop\\bootcamp\\collab\\skylab-bootcamp-201809\\staff\\henry-novoa\\handyman-project\\handyman-api\\errors\\not-allowed-error.js":{"path":"C:\\Users\\henry\\Desktop\\bootcamp\\collab\\skylab-bootcamp-201809\\staff\\henry-novoa\\handyman-project\\handyman-api\\errors\\not-allowed-error.js","statementMap":{"0":{"start":{"line":3,"column":8},"end":{"line":3,"column":15}},"1":{"start":{"line":5,"column":8},"end":{"line":5,"column":55}},"2":{"start":{"line":7,"column":8},"end":{"line":7,"column":37}},"3":{"start":{"line":8,"column":8},"end":{"line":8,"column":30}},"4":{"start":{"line":10,"column":8},"end":{"line":10,"column":37}},"5":{"start":{"line":10,"column":19},"end":{"line":10,"column":37}},"6":{"start":{"line":14,"column":0},"end":{"line":14,"column":32}}},"fnMap":{"0":{"name":"(anonymous_0)","decl":{"start":{"line":2,"column":4},"end":{"line":2,"column":5}},"loc":{"start":{"line":2,"column":32},"end":{"line":11,"column":5}},"line":2}},"branchMap":{"0":{"loc":{"start":{"line":10,"column":8},"end":{"line":10,"column":37}},"type":"if","locations":[{"start":{"line":10,"column":8},"end":{"line":10,"column":37}},{"start":{"line":10,"column":8},"end":{"line":10,"column":37}}],"line":10}},"s":{"0":0,"1":0,"2":0,"3":0,"4":0,"5":0,"6":1},"f":{"0":0},"b":{"0":[0,0]},"_coverageSchema":"43e27e138ebf9cfc5966b082cf9a028302ed4184","hash":"5181427d4ef682023eb76b9f96d4f2ea33de7fbf","contentHash":"4e35c22b37fabbe88aaeb482700fbe6f"},"C:\\Users\\henry\\Desktop\\bootcamp\\collab\\skylab-bootcamp-201809\\staff\\henry-novoa\\handyman-project\\handyman-api\\errors\\not-found-error.js":{"path":"C:\\Users\\henry\\Desktop\\bootcamp\\collab\\skylab-bootcamp-201809\\staff\\henry-novoa\\handyman-project\\handyman-api\\errors\\not-found-error.js","statementMap":{"0":{"start":{"line":3,"column":8},"end":{"line":3,"column":15}},"1":{"start":{"line":5,"column":8},"end":{"line":5,"column":55}},"2":{"start":{"line":7,"column":8},"end":{"line":7,"column":35}},"3":{"start":{"line":8,"column":8},"end":{"line":8,"column":30}},"4":{"start":{"line":10,"column":8},"end":{"line":10,"column":37}},"5":{"start":{"line":10,"column":19},"end":{"line":10,"column":37}},"6":{"start":{"line":14,"column":0},"end":{"line":14,"column":30}}},"fnMap":{"0":{"name":"(anonymous_0)","decl":{"start":{"line":2,"column":4},"end":{"line":2,"column":5}},"loc":{"start":{"line":2,"column":32},"end":{"line":11,"column":5}},"line":2}},"branchMap":{"0":{"loc":{"start":{"line":10,"column":8},"end":{"line":10,"column":37}},"type":"if","locations":[{"start":{"line":10,"column":8},"end":{"line":10,"column":37}},{"start":{"line":10,"column":8},"end":{"line":10,"column":37}}],"line":10}},"s":{"0":19,"1":19,"2":19,"3":19,"4":19,"5":0,"6":1},"f":{"0":19},"b":{"0":[0,19]},"_coverageSchema":"43e27e138ebf9cfc5966b082cf9a028302ed4184","hash":"78ae2b598b8e1b84cc44c06b006aee0b01d15c5f","contentHash":"0305042f33ac082ddacd8ff3460b2fa8"},"C:\\Users\\henry\\Desktop\\bootcamp\\collab\\skylab-bootcamp-201809\\staff\\henry-novoa\\handyman-project\\handyman-api\\errors\\value-error.js":{"path":"C:\\Users\\henry\\Desktop\\bootcamp\\collab\\skylab-bootcamp-201809\\staff\\henry-novoa\\handyman-project\\handyman-api\\errors\\value-error.js","statementMap":{"0":{"start":{"line":3,"column":8},"end":{"line":3,"column":15}},"1":{"start":{"line":5,"column":8},"end":{"line":5,"column":55}},"2":{"start":{"line":7,"column":8},"end":{"line":7,"column":32}},"3":{"start":{"line":8,"column":8},"end":{"line":8,"column":30}},"4":{"start":{"line":10,"column":8},"end":{"line":10,"column":37}},"5":{"start":{"line":10,"column":19},"end":{"line":10,"column":37}},"6":{"start":{"line":14,"column":0},"end":{"line":14,"column":27}}},"fnMap":{"0":{"name":"(anonymous_0)","decl":{"start":{"line":2,"column":4},"end":{"line":2,"column":5}},"loc":{"start":{"line":2,"column":32},"end":{"line":11,"column":5}},"line":2}},"branchMap":{"0":{"loc":{"start":{"line":10,"column":8},"end":{"line":10,"column":37}},"type":"if","locations":[{"start":{"line":10,"column":8},"end":{"line":10,"column":37}},{"start":{"line":10,"column":8},"end":{"line":10,"column":37}}],"line":10}},"s":{"0":14,"1":14,"2":14,"3":14,"4":14,"5":0,"6":1},"f":{"0":14},"b":{"0":[0,14]},"_coverageSchema":"43e27e138ebf9cfc5966b082cf9a028302ed4184","hash":"ad1d37cb1b746dafa4d7f667d0a4dac47c794cca","contentHash":"c209b5b330b1ed814d4005bd3e5a56e2"},"C:\\Users\\henry\\Desktop\\bootcamp\\collab\\skylab-bootcamp-201809\\staff\\henry-novoa\\handyman-project\\handyman-api\\utils\\validate.js":{"path":"C:\\Users\\henry\\Desktop\\bootcamp\\collab\\skylab-bootcamp-201809\\staff\\henry-novoa\\handyman-project\\handyman-api\\utils\\validate.js","statementMap":{"0":{"start":{"line":1,"column":23},"end":{"line":1,"column":43}},"1":{"start":{"line":4,"column":4},"end":{"line":25,"column":6}},"2":{"start":{"line":5,"column":8},"end":{"line":24,"column":9}},"3":{"start":{"line":7,"column":16},"end":{"line":7,"column":78}},"4":{"start":{"line":7,"column":73},"end":{"line":7,"column":78}},"5":{"start":{"line":9,"column":16},"end":{"line":9,"column":90}},"6":{"start":{"line":9,"column":47},"end":{"line":9,"column":90}},"7":{"start":{"line":11,"column":16},"end":{"line":11,"column":90}},"8":{"start":{"line":11,"column":42},"end":{"line":11,"column":90}},"9":{"start":{"line":13,"column":16},"end":{"line":13,"column":21}},"10":{"start":{"line":15,"column":16},"end":{"line":15,"column":78}},"11":{"start":{"line":15,"column":73},"end":{"line":15,"column":78}},"12":{"start":{"line":17,"column":16},"end":{"line":17,"column":92}},"13":{"start":{"line":17,"column":48},"end":{"line":17,"column":92}},"14":{"start":{"line":19,"column":16},"end":{"line":19,"column":21}},"15":{"start":{"line":21,"column":16},"end":{"line":21,"column":79}},"16":{"start":{"line":21,"column":74},"end":{"line":21,"column":79}},"17":{"start":{"line":23,"column":16},"end":{"line":23,"column":90}},"18":{"start":{"line":23,"column":47},"end":{"line":23,"column":90}},"19":{"start":{"line":28,"column":0},"end":{"line":28,"column":25}}},"fnMap":{"0":{"name":"validate","decl":{"start":{"line":3,"column":9},"end":{"line":3,"column":17}},"loc":{"start":{"line":3,"column":26},"end":{"line":26,"column":1}},"line":3},"1":{"name":"(anonymous_1)","decl":{"start":{"line":4,"column":19},"end":{"line":4,"column":20}},"loc":{"start":{"line":4,"column":55},"end":{"line":25,"column":5}},"line":4}},"branchMap":{"0":{"loc":{"start":{"line":5,"column":8},"end":{"line":24,"column":9}},"type":"switch","locations":[{"start":{"line":6,"column":12},"end":{"line":13,"column":21}},{"start":{"line":14,"column":12},"end":{"line":19,"column":21}},{"start":{"line":20,"column":12},"end":{"line":23,"column":90}}],"line":5},"1":{"loc":{"start":{"line":7,"column":16},"end":{"line":7,"column":78}},"type":"if","locations":[{"start":{"line":7,"column":16},"end":{"line":7,"column":78}},{"start":{"line":7,"column":16},"end":{"line":7,"column":78}}],"line":7},"2":{"loc":{"start":{"line":7,"column":20},"end":{"line":7,"column":71}},"type":"binary-expr","locations":[{"start":{"line":7,"column":20},"end":{"line":7,"column":28}},{"start":{"line":7,"column":33},"end":{"line":7,"column":47}},{"start":{"line":7,"column":51},"end":{"line":7,"column":70}}],"line":7},"3":{"loc":{"start":{"line":9,"column":16},"end":{"line":9,"column":90}},"type":"if","locations":[{"start":{"line":9,"column":16},"end":{"line":9,"column":90}},{"start":{"line":9,"column":16},"end":{"line":9,"column":90}}],"line":9},"4":{"loc":{"start":{"line":11,"column":16},"end":{"line":11,"column":90}},"type":"if","locations":[{"start":{"line":11,"column":16},"end":{"line":11,"column":90}},{"start":{"line":11,"column":16},"end":{"line":11,"column":90}}],"line":11},"5":{"loc":{"start":{"line":15,"column":16},"end":{"line":15,"column":78}},"type":"if","locations":[{"start":{"line":15,"column":16},"end":{"line":15,"column":78}},{"start":{"line":15,"column":16},"end":{"line":15,"column":78}}],"line":15},"6":{"loc":{"start":{"line":15,"column":20},"end":{"line":15,"column":71}},"type":"binary-expr","locations":[{"start":{"line":15,"column":20},"end":{"line":15,"column":28}},{"start":{"line":15,"column":33},"end":{"line":15,"column":47}},{"start":{"line":15,"column":51},"end":{"line":15,"column":70}}],"line":15},"7":{"loc":{"start":{"line":17,"column":16},"end":{"line":17,"column":92}},"type":"if","locations":[{"start":{"line":17,"column":16},"end":{"line":17,"column":92}},{"start":{"line":17,"column":16},"end":{"line":17,"column":92}}],"line":17},"8":{"loc":{"start":{"line":21,"column":16},"end":{"line":21,"column":79}},"type":"if","locations":[{"start":{"line":21,"column":16},"end":{"line":21,"column":79}},{"start":{"line":21,"column":16},"end":{"line":21,"column":79}}],"line":21},"9":{"loc":{"start":{"line":21,"column":20},"end":{"line":21,"column":72}},"type":"binary-expr","locations":[{"start":{"line":21,"column":20},"end":{"line":21,"column":28}},{"start":{"line":21,"column":33},"end":{"line":21,"column":47}},{"start":{"line":21,"column":51},"end":{"line":21,"column":70}}],"line":21},"10":{"loc":{"start":{"line":23,"column":16},"end":{"line":23,"column":90}},"type":"if","locations":[{"start":{"line":23,"column":16},"end":{"line":23,"column":90}},{"start":{"line":23,"column":16},"end":{"line":23,"column":90}}],"line":23}},"s":{"0":1,"1":150,"2":365,"3":361,"4":9,"5":352,"6":54,"7":298,"8":14,"9":284,"10":0,"11":0,"12":0,"13":0,"14":0,"15":4,"16":0,"17":4,"18":0,"19":1},"f":{"0":150,"1":365},"b":{"0":[361,0,4],"1":[9,352],"2":[361,64,58],"3":[54,298],"4":[14,284],"5":[0,0],"6":[0,0,0],"7":[0,0],"8":[0,4],"9":[4,4,4],"10":[0,4]},"_coverageSchema":"43e27e138ebf9cfc5966b082cf9a028302ed4184","hash":"d703c2c2bde6e5c4b277963ddda12bc444e1d24c","contentHash":"fe1f8508ff82aa32ca9f938d84605c4b"}}